2018-08-25 22:03:01,062  INFO Gbl:59 JVM: 1.8.0_172; Oracle Corporation; mixed mode; 64-bit
2018-08-25 22:03:01,062  INFO Gbl:63 OS: Windows 10; 10.0; amd64
2018-08-25 22:03:01,062  INFO Gbl:66 CPU cores: 8
2018-08-25 22:03:01,063  INFO Gbl:67 max. Memory: 910.5MB (954728448B)
2018-08-25 22:03:01,064  INFO Gbl:105 MATSim-Build: r7663c4104e5a02ad1684b3cbab3ad6da7f0eb749 (2018-08-14 10:04:08)
2018-08-25 22:03:01,066  INFO ControlerListenerManagerImpl:107 calling notifyStartup on org.matsim.counts.CountsControlerListener
2018-08-25 22:03:01,066  INFO ControlerListenerManagerImpl:107 calling notifyStartup on org.matsim.analysis.ModeStatsControlerListener
2018-08-25 22:03:01,115  INFO PreProcessDijkstra:118 nodes in dead ends: 774 (total nodes: 11566). Done in 42 ms
2018-08-25 22:03:01,137  INFO PreProcessLandmarks:112 Putting landmarks on network...
2018-08-25 22:03:01,143  INFO LandmarkerPieSlices:96 Filling sectors...
2018-08-25 22:03:01,188  INFO LandmarkerPieSlices:107 Refining landmarks...
2018-08-25 22:03:01,189  INFO LandmarkerPieSlices:109 done
2018-08-25 22:03:01,190  INFO PreProcessLandmarks:115 done in 53 ms
2018-08-25 22:03:01,190  INFO PreProcessLandmarks:117 Initializing landmarks data
2018-08-25 22:03:01,197  INFO PreProcessLandmarks:129 Calculating distance from each node to each of the 16 landmarks using 2 threads...
2018-08-25 22:03:01,201  INFO PreProcessLandmarks:139 wait for landmarks Calculator to finish...
2018-08-25 22:03:01,511  INFO PreProcessLandmarks:161 done in 314 ms
2018-08-25 22:03:01,515 DEBUG NetworkRoutingProvider:75 requesting network routing module with routingMode=car;	mode=car
2018-08-25 22:03:01,516  INFO NetworkImpl:167  node # 1
2018-08-25 22:03:01,516  INFO NetworkImpl:167  node # 4
2018-08-25 22:03:01,516  INFO NetworkImpl:167  node # 16
2018-08-25 22:03:01,516  INFO NetworkImpl:167  node # 64
2018-08-25 22:03:01,517  INFO NetworkImpl:167  node # 256
2018-08-25 22:03:01,518  INFO NetworkImpl:167  node # 1024
2018-08-25 22:03:01,521  INFO NetworkImpl:167  node # 4096
2018-08-25 22:03:01,526  INFO NetworkImpl:163  link # 1
2018-08-25 22:03:01,526  INFO NetworkImpl:163  link # 4
2018-08-25 22:03:01,527  INFO NetworkImpl:163  link # 16
2018-08-25 22:03:01,528  INFO NetworkImpl:163  link # 64
2018-08-25 22:03:01,534  INFO NetworkImpl:163  link # 256
2018-08-25 22:03:01,543  INFO NetworkImpl:163  link # 1024
2018-08-25 22:03:01,562  INFO NetworkImpl:163  link # 4096
2018-08-25 22:03:01,597  INFO NetworkImpl:163  link # 16384
2018-08-25 22:03:01,643  INFO PreProcessDijkstra:118 nodes in dead ends: 774 (total nodes: 11566). Done in 18 ms
2018-08-25 22:03:01,659  INFO PreProcessLandmarks:112 Putting landmarks on network...
2018-08-25 22:03:01,664  INFO LandmarkerPieSlices:96 Filling sectors...
2018-08-25 22:03:01,692  INFO LandmarkerPieSlices:107 Refining landmarks...
2018-08-25 22:03:01,694  INFO LandmarkerPieSlices:109 done
2018-08-25 22:03:01,694  INFO PreProcessLandmarks:115 done in 34 ms
2018-08-25 22:03:01,694  INFO PreProcessLandmarks:117 Initializing landmarks data
2018-08-25 22:03:01,700  INFO PreProcessLandmarks:129 Calculating distance from each node to each of the 16 landmarks using 2 threads...
2018-08-25 22:03:01,701  INFO PreProcessLandmarks:139 wait for landmarks Calculator to finish...
2018-08-25 22:03:01,965  INFO PreProcessLandmarks:161 done in 264 ms
2018-08-25 22:03:01,966  INFO ControlerListenerManagerImpl:107 calling notifyStartup on org.matsim.analysis.ScoreStatsControlerListener
2018-08-25 22:03:01,967  INFO ControlerListenerManagerImpl:110 all ControlerStartupListeners called.
2018-08-25 22:03:01,968  INFO ControlerUtils:58 config dump before iterations start
2018-08-25 22:03:01,971  INFO Config:561 setting context to [file:/C:/Users/Joschka/git/matsim/examples/scenarios/berlin/]
2018-08-25 22:03:01,985  INFO ControlerUtils:62 

<?xml version="1.0" encoding="UTF-8"?>
<!DOCTYPE config SYSTEM "http://www.matsim.org/files/dtd/config_v2.dtd">
<config>
<!-- ====================================================================== -->
	<module name="JDEQSim" >
		<param name="carSize" value="7.5" />
		<param name="endTime" value="undefined" />
		<param name="flowCapacityFactor" value="1.0" />
		<param name="gapTravelSpeed" value="15.0" />
		<param name="minimumInFlowCapacity" value="1800.0" />
		<param name="squeezeTime" value="1800.0" />
		<param name="storageCapacityFactor" value="1.0" />
	</module>
<!-- ====================================================================== -->
	<module name="TimeAllocationMutator" >
		<!-- Default:true; Defines whether time mutation changes an activity's duration. -->
		<param name="mutationAffectsDuration" value="true" />
		<!-- Default:1800.0; Defines how many seconds a time mutation can maximally shift a time. -->
		<param name="mutationRange" value="1800.0" />
		<!-- false; Use individual settings for each subpopulation. If enabled but no settings are found, regular settings are uses as fallback. -->
		<param name="useIndividualSettingsForSubpopulations" value="false" />
	</module>
<!-- ====================================================================== -->
<!-- ====================================================================== -->
	<module name="changeMode" >
		<param name="ignoreCarAvailability" value="true" />
		<param name="modes" value="car,pt" />
	</module>
<!-- ====================================================================== -->
	<module name="controler" >
		<!-- Sets whether graphs showing some analyses should automatically be generated during the simulation. The generation of graphs usually takes a small amount of time that does not have any weight in big simulations, but add a significant overhead in smaller runs or in test cases where the graphical output is not even requested. -->
		<param name="createGraphs" value="true" />
		<!-- true if at the end of a run, plans, network, config etc should be dumped to a file -->
		<param name="dumpDataAtEnd" value="true" />
		<!-- Default=false. If enabled, the router takes travel times needed for turning moves into account. Cannot be used if the (Fast)AStarLandmarks routing or TravelTimeCalculator.separateModes is enabled. -->
		<param name="enableLinkToLinkRouting" value="false" />
		<!-- Default=xml; Specifies the file format for writing events. Currently supported: xml.
		Multiple values can be specified separated by commas (','). -->
		<param name="eventsFileFormat" value="xml" />
		<!-- Default=0;  -->
		<param name="firstIteration" value="0" />
		<!-- Default=1000;  -->
		<param name="lastIteration" value="0" />
		<!-- Defines which mobility simulation will be used. Currently supported: qsim JDEQSim 
		Depending on the chosen mobsim, you'll have to add additional config modules to configure the corresponding mobsim.
		For 'qsim', add a module 'qsim' to the config. -->
		<param name="mobsim" value="qsim" />
		<param name="outputDirectory" value="./output/berlin" />
		<!-- Possible values: failIfDirectoryExists, overwriteExistingFiles, deleteDirectoryIfExists -->
		<param name="overwriteFiles" value="failIfDirectoryExists" />
		<!-- The type of routing (least cost path) algorithm used, may have the values: Dijkstra, FastDijkstra, AStarLandmarks or FastAStarLandmarks -->
		<param name="routingAlgorithmType" value="AStarLandmarks" />
		<!-- An identifier for the current run which is used as prefix for output files and mentioned in output xml files etc. -->
		<param name="runId" value="null" />
		<!-- Comma-separated list of visualizer output file formats. `transims', `googleearth', and `otfvis'. -->
		<param name="snapshotFormat" value="" />
		<!-- iterationNumber % writeEventsInterval == 0 defines in which iterations events are written to a file. `0' disables events writing completely. -->
		<param name="writeEventsInterval" value="10" />
		<!-- iterationNumber % writePlansInterval == 0 defines (hopefully) in which iterations plans are written to a file. `0' disables plans writing completely.  Some plans in early iterations are always written -->
		<param name="writePlansInterval" value="10" />
		<!-- iterationNumber % writeSnapshotsInterval == 0 defines in which iterations snapshots are written to a file. `0' disables snapshots writing completely -->
		<param name="writeSnapshotsInterval" value="1" />
	</module>
<!-- ====================================================================== -->
	<module name="counts" >
		<!-- Transport modes that will be respected for the counts comparison. 'car' is default, which includes also bussed from the pt simulation module. Use this parameter in combination with 'filterModes' = true! -->
		<param name="analyzedModes" value="car" />
		<!-- Specifies over how many iterations the link volumes should be averaged that are used for the counts comparison. Use 1 or 0 to only use the link volumes of a single iteration. This values cannot be larger than the value specified for writeCountsInterval -->
		<param name="averageCountsOverIterations" value="5" />
		<!-- factor by which to re-scale the simulated values.  necessary when simulation runs with something different from 100%.  needs to be adapted manually -->
		<param name="countsScaleFactor" value="1.0" />
		<!-- distance to distanceFilterCenterNode to include counting stations. The unit of distance is the Euclidean distance implied by the coordinate system -->
		<param name="distanceFilter" value="null" />
		<!-- node id for center node of distance filter -->
		<param name="distanceFilterCenterNode" value="null" />
		<!-- If true, link counts from legs performed on modes not included in the 'analyzedModes' parameter are ignored. -->
		<param name="filterModes" value="false" />
		<!-- The Coordinates Reference System in which the coordinates are expressed in the input file. At import, the coordinates will be converted to the coordinate system defined in "global", and willbe converted back at export. If not specified, no conversion happens. -->
		<param name="inputCRS" value="null" />
		<!-- input file name to counts package -->
		<param name="inputCountsFile" value="null" />
		<!-- possible values: `html', `kml', `txt', `all' -->
		<param name="outputformat" value="txt" />
		<!-- Specifies how often the counts comparison should be calculated and written. -->
		<param name="writeCountsInterval" value="10" />
	</module>
<!-- ====================================================================== -->
	<module name="facilities" >
		<!-- If set to 'true', empty activity option will be created. -->
		<param name="addEmptyActivityOption" value="false" />
		<!-- Default is 'true'. In the case that a facility has no link assigned, the ActivityFacility can be assigned to the closest link. If there should be only one ActivityFacility per link and if no link-assignment should be done, set to 'false'.This will create a new ActivityFacility at the coordinate and the facility will not be assigned to a link. -->
		<param name="assigningLinksToFacilitiesIfMissing" value="true" />
		<!-- If set to 'true', opening time will be assigned to activity facilities from ActivityParams. Default is false. This will NOT override option 'addEmptyActivityOption'. -->
		<param name="assigningOpeningTime" value="false" />
		<!-- This defines how facilities should be created. Possible values: none fromFile setInScenario onePerActivityLocationInPlansFile  -->
		<param name="facilitiesSource" value="none" />
		<!-- A prefix to be used in activityFacility id. -->
		<param name="idPrefix" value="" />
		<!-- The Coordinates Reference System in which the coordinates are expressed in the input file. At import, the coordinates will be converted to the coordinate system defined in "global", and willbe converted back at export. If not specified, no conversion happens. -->
		<param name="inputCRS" value="null" />
		<param name="inputFacilitiesFile" value="null" />
		<param name="inputFacilityAttributesFile" value="null" />
		<!-- Sets whether all activities on a link should be collected within one ActivityFacility. Default is 'true'. If set to 'false', for each coordinate found in the population's activities a separate ActivityFacility will be created. -->
		<param name="oneFacilityPerLink" value="true" />
		<!-- If set to 'true' (which is the default), the link and coordinate attributes are replaced by null reference in the activities, as this information is now available via the facility. -->
		<param name="removingLinksAndCoordinates" value="true" />
	</module>
<!-- ====================================================================== -->
	<module name="global" >
		<param name="coordinateSystem" value="GK4" />
		<param name="insistingOnDeprecatedConfigVersion" value="true" />
		<!-- "global" number of threads.  This number is used, e.g., for replanning, but NOT in the mobsim.  This can typically be set to as many cores as you have available, or possibly even slightly more. -->
		<param name="numberOfThreads" value="2" />
		<param name="randomSeed" value="4711" />
	</module>
<!-- ====================================================================== -->
	<module name="households" >
		<param name="inputFile" value="null" />
		<param name="inputHouseholdAttributesFile" value="null" />
	</module>
<!-- ====================================================================== -->
	<module name="linkStats" >
		<!-- Specifies over how many iterations the link volumes should be averaged that are used for the link statistics. Use 1 or 0 to only use the link volumes of a single iteration. This values cannot be larger than the value specified for writeLinkStatsInterval -->
		<param name="averageLinkStatsOverIterations" value="5" />
		<!-- Specifies how often the link stats should be calculated and written. Use 0 to disable the generation of link stats. -->
		<param name="writeLinkStatsInterval" value="10" />
	</module>
<!-- ====================================================================== -->
	<module name="network" >
		<!-- The Coordinates Reference System in which the coordinates are expressed in the input file. At import, the coordinates will be converted to the coordinate system defined in "global", and willbe converted back at export. If not specified, no conversion happens. -->
		<param name="inputCRS" value="null" />
		<param name="inputChangeEventsFile" value="null" />
		<param name="inputNetworkFile" value="network.xml.gz" />
		<param name="laneDefinitionsFile" value="null" />
		<param name="timeVariantNetwork" value="false" />
	</module>
<!-- ====================================================================== -->
	<module name="parallelEventHandling" >
		<!-- Estimated number of events during mobsim run. An optional optimization hint for the framework. -->
		<param name="estimatedNumberOfEvents" value="null" />
		<!-- Number of threads for parallel events handler. _null_ means the framework decides by itself. 0 is currently not possible. -->
		<param name="numberOfThreads" value="null" />
		<!-- If enabled, each event handler is assigned to its own thread. Note that enabling this feature disabled the numberOfThreads option! This feature is still experimental! -->
		<param name="oneThreadPerHandler" value="false" />
		<!-- If enabled, it is ensured that all events that are created during a time step of the mobility simulation are processed before the next time step is simulated. E.g. neccessary when within-day replanning is used. -->
		<param name="synchronizeOnSimSteps" value="true" />
	</module>
<!-- ====================================================================== -->
	<module name="planCalcScore" >
		<!-- logit model scale parameter. default: 1.  Has name and default value for historical reasons (see Bryan Raney's phd thesis). -->
		<param name="BrainExpBeta" value="2.0" />
		<param name="PathSizeLogitBeta" value="1.0" />
		<!-- fraction of iterations at which MSA score averaging is started. The matsim theory department suggests to use this together with switching off choice set innovation (where a similar switch exists), but it has not been tested yet. -->
		<param name="fractionOfIterationsToStartScoreMSA" value="null" />
		<!-- new_score = (1-learningRate)*old_score + learningRate * score_from_mobsim.  learning rates close to zero emulate score averaging, but slow down initial convergence -->
		<param name="learningRate" value="1.0" />
		<!-- There used to be a plateau between duration=0 and duration=zeroUtilityDuration. This caused durations to evolve to zero once they were below zeroUtilityDuration, causing problems.  Only use this switch if you need to be backwards compatible with some old results.  (changed nov'13) -->
		<param name="usingOldScoringBelowZeroUtilityDuration" value="false" />
		<!-- write a plans file in each iteration directory which contains what each agent actually did, and the score it received. -->
		<param name="writeExperiencedPlans" value="false" />
		<parameterset type="scoringParameters" >
			<param name="earlyDeparture" value="-0.0" />
			<param name="lateArrival" value="-18.0" />
			<param name="marginalUtilityOfMoney" value="1.0" />
			<param name="performing" value="6.0" />
			<param name="subpopulation" value="null" />
			<param name="utilityOfLineSwitch" value="-1.0" />
			<param name="waiting" value="-0.0" />
			<param name="waitingPt" value="-6.0" />
			<parameterset type="activityParams" >
				<param name="activityType" value="dummy" />
				<param name="closingTime" value="undefined" />
				<param name="earliestEndTime" value="undefined" />
				<param name="latestStartTime" value="undefined" />
				<param name="minimalDuration" value="undefined" />
				<param name="openingTime" value="undefined" />
				<param name="priority" value="1.0" />
				<param name="scoringThisActivityAtAll" value="true" />
				<!-- typical duration of activity.  needs to be defined and non-zero.  in sec. -->
				<param name="typicalDuration" value="02:00:00" />
				<!-- method to compute score at typical duration.  Options: | uniform | relative | Use uniform for backwards compatibility (all activities same score; higher proba to drop long acts). -->
				<param name="typicalDurationScoreComputation" value="relative" />
			</parameterset>
			<parameterset type="activityParams" >
				<param name="activityType" value="car interaction" />
				<param name="closingTime" value="undefined" />
				<param name="earliestEndTime" value="undefined" />
				<param name="latestStartTime" value="undefined" />
				<param name="minimalDuration" value="undefined" />
				<param name="openingTime" value="undefined" />
				<param name="priority" value="1.0" />
				<param name="scoringThisActivityAtAll" value="false" />
				<!-- typical duration of activity.  needs to be defined and non-zero.  in sec. -->
				<param name="typicalDuration" value="undefined" />
				<!-- method to compute score at typical duration.  Options: | uniform | relative | Use uniform for backwards compatibility (all activities same score; higher proba to drop long acts). -->
				<param name="typicalDurationScoreComputation" value="relative" />
			</parameterset>
			<parameterset type="activityParams" >
				<param name="activityType" value="pt interaction" />
				<param name="closingTime" value="undefined" />
				<param name="earliestEndTime" value="undefined" />
				<param name="latestStartTime" value="undefined" />
				<param name="minimalDuration" value="undefined" />
				<param name="openingTime" value="undefined" />
				<param name="priority" value="1.0" />
				<param name="scoringThisActivityAtAll" value="false" />
				<!-- typical duration of activity.  needs to be defined and non-zero.  in sec. -->
				<param name="typicalDuration" value="undefined" />
				<!-- method to compute score at typical duration.  Options: | uniform | relative | Use uniform for backwards compatibility (all activities same score; higher proba to drop long acts). -->
				<param name="typicalDurationScoreComputation" value="relative" />
			</parameterset>
			<parameterset type="activityParams" >
				<param name="activityType" value="bike interaction" />
				<param name="closingTime" value="undefined" />
				<param name="earliestEndTime" value="undefined" />
				<param name="latestStartTime" value="undefined" />
				<param name="minimalDuration" value="undefined" />
				<param name="openingTime" value="undefined" />
				<param name="priority" value="1.0" />
				<param name="scoringThisActivityAtAll" value="false" />
				<!-- typical duration of activity.  needs to be defined and non-zero.  in sec. -->
				<param name="typicalDuration" value="undefined" />
				<!-- method to compute score at typical duration.  Options: | uniform | relative | Use uniform for backwards compatibility (all activities same score; higher proba to drop long acts). -->
				<param name="typicalDurationScoreComputation" value="relative" />
			</parameterset>
			<parameterset type="activityParams" >
				<param name="activityType" value="other interaction" />
				<param name="closingTime" value="undefined" />
				<param name="earliestEndTime" value="undefined" />
				<param name="latestStartTime" value="undefined" />
				<param name="minimalDuration" value="undefined" />
				<param name="openingTime" value="undefined" />
				<param name="priority" value="1.0" />
				<param name="scoringThisActivityAtAll" value="false" />
				<!-- typical duration of activity.  needs to be defined and non-zero.  in sec. -->
				<param name="typicalDuration" value="undefined" />
				<!-- method to compute score at typical duration.  Options: | uniform | relative | Use uniform for backwards compatibility (all activities same score; higher proba to drop long acts). -->
				<param name="typicalDurationScoreComputation" value="relative" />
			</parameterset>
			<parameterset type="activityParams" >
				<param name="activityType" value="walk interaction" />
				<param name="closingTime" value="undefined" />
				<param name="earliestEndTime" value="undefined" />
				<param name="latestStartTime" value="undefined" />
				<param name="minimalDuration" value="undefined" />
				<param name="openingTime" value="undefined" />
				<param name="priority" value="1.0" />
				<param name="scoringThisActivityAtAll" value="false" />
				<!-- typical duration of activity.  needs to be defined and non-zero.  in sec. -->
				<param name="typicalDuration" value="undefined" />
				<!-- method to compute score at typical duration.  Options: | uniform | relative | Use uniform for backwards compatibility (all activities same score; higher proba to drop long acts). -->
				<param name="typicalDurationScoreComputation" value="relative" />
			</parameterset>
			<parameterset type="activityParams" >
				<param name="activityType" value="home" />
				<param name="closingTime" value="undefined" />
				<param name="earliestEndTime" value="undefined" />
				<param name="latestStartTime" value="undefined" />
				<param name="minimalDuration" value="08:00:00" />
				<param name="openingTime" value="undefined" />
				<param name="priority" value="1.0" />
				<param name="scoringThisActivityAtAll" value="true" />
				<!-- typical duration of activity.  needs to be defined and non-zero.  in sec. -->
				<param name="typicalDuration" value="12:00:00" />
				<!-- method to compute score at typical duration.  Options: | uniform | relative | Use uniform for backwards compatibility (all activities same score; higher proba to drop long acts). -->
				<param name="typicalDurationScoreComputation" value="relative" />
			</parameterset>
			<parameterset type="activityParams" >
				<param name="activityType" value="work" />
				<param name="closingTime" value="18:00:00" />
				<param name="earliestEndTime" value="undefined" />
				<param name="latestStartTime" value="09:00:00" />
				<param name="minimalDuration" value="06:00:00" />
				<param name="openingTime" value="07:00:00" />
				<param name="priority" value="1.0" />
				<param name="scoringThisActivityAtAll" value="true" />
				<!-- typical duration of activity.  needs to be defined and non-zero.  in sec. -->
				<param name="typicalDuration" value="08:00:00" />
				<!-- method to compute score at typical duration.  Options: | uniform | relative | Use uniform for backwards compatibility (all activities same score; higher proba to drop long acts). -->
				<param name="typicalDurationScoreComputation" value="relative" />
			</parameterset>
			<parameterset type="activityParams" >
				<param name="activityType" value="edu" />
				<param name="closingTime" value="undefined" />
				<param name="earliestEndTime" value="undefined" />
				<param name="latestStartTime" value="undefined" />
				<param name="minimalDuration" value="undefined" />
				<param name="openingTime" value="undefined" />
				<param name="priority" value="1.0" />
				<param name="scoringThisActivityAtAll" value="true" />
				<!-- typical duration of activity.  needs to be defined and non-zero.  in sec. -->
				<param name="typicalDuration" value="08:00:00" />
				<!-- method to compute score at typical duration.  Options: | uniform | relative | Use uniform for backwards compatibility (all activities same score; higher proba to drop long acts). -->
				<param name="typicalDurationScoreComputation" value="relative" />
			</parameterset>
			<parameterset type="modeParams" >
				<!-- [utils] alternative-specific constant.  no guarantee that this is used anywhere. default=0 to be backwards compatible for the time being -->
				<param name="constant" value="0.0" />
				<!-- [utils/m] utility of walking per m, normally negative.  this is on top of the time (dis)utility. -->
				<param name="marginalUtilityOfDistance_util_m" value="0.0" />
				<!-- [utils/hr] additional marginal utility of traveling.  normally negative.  this comes on top of the opportunity cost of time -->
				<param name="marginalUtilityOfTraveling_util_hr" value="-6.0" />
				<param name="mode" value="car" />
				<!-- [unit_of_money/m] conversion of distance into money. Normally negative. -->
				<param name="monetaryDistanceRate" value="0.0" />
			</parameterset>
			<parameterset type="modeParams" >
				<!-- [utils] alternative-specific constant.  no guarantee that this is used anywhere. default=0 to be backwards compatible for the time being -->
				<param name="constant" value="0.0" />
				<!-- [utils/m] utility of walking per m, normally negative.  this is on top of the time (dis)utility. -->
				<param name="marginalUtilityOfDistance_util_m" value="0.0" />
				<!-- [utils/hr] additional marginal utility of traveling.  normally negative.  this comes on top of the opportunity cost of time -->
				<param name="marginalUtilityOfTraveling_util_hr" value="-6.0" />
				<param name="mode" value="pt" />
				<!-- [unit_of_money/m] conversion of distance into money. Normally negative. -->
				<param name="monetaryDistanceRate" value="0.0" />
			</parameterset>
			<parameterset type="modeParams" >
				<!-- [utils] alternative-specific constant.  no guarantee that this is used anywhere. default=0 to be backwards compatible for the time being -->
				<param name="constant" value="0.0" />
				<!-- [utils/m] utility of walking per m, normally negative.  this is on top of the time (dis)utility. -->
				<param name="marginalUtilityOfDistance_util_m" value="0.0" />
				<!-- [utils/hr] additional marginal utility of traveling.  normally negative.  this comes on top of the opportunity cost of time -->
				<param name="marginalUtilityOfTraveling_util_hr" value="-6.0" />
				<param name="mode" value="walk" />
				<!-- [unit_of_money/m] conversion of distance into money. Normally negative. -->
				<param name="monetaryDistanceRate" value="0.0" />
			</parameterset>
			<parameterset type="modeParams" >
				<!-- [utils] alternative-specific constant.  no guarantee that this is used anywhere. default=0 to be backwards compatible for the time being -->
				<param name="constant" value="0.0" />
				<!-- [utils/m] utility of walking per m, normally negative.  this is on top of the time (dis)utility. -->
				<param name="marginalUtilityOfDistance_util_m" value="0.0" />
				<!-- [utils/hr] additional marginal utility of traveling.  normally negative.  this comes on top of the opportunity cost of time -->
				<param name="marginalUtilityOfTraveling_util_hr" value="-6.0" />
				<param name="mode" value="bike" />
				<!-- [unit_of_money/m] conversion of distance into money. Normally negative. -->
				<param name="monetaryDistanceRate" value="0.0" />
			</parameterset>
			<parameterset type="modeParams" >
				<!-- [utils] alternative-specific constant.  no guarantee that this is used anywhere. default=0 to be backwards compatible for the time being -->
				<param name="constant" value="0.0" />
				<!-- [utils/m] utility of walking per m, normally negative.  this is on top of the time (dis)utility. -->
				<param name="marginalUtilityOfDistance_util_m" value="0.0" />
				<!-- [utils/hr] additional marginal utility of traveling.  normally negative.  this comes on top of the opportunity cost of time -->
				<param name="marginalUtilityOfTraveling_util_hr" value="-6.0" />
				<param name="mode" value="ride" />
				<!-- [unit_of_money/m] conversion of distance into money. Normally negative. -->
				<param name="monetaryDistanceRate" value="0.0" />
			</parameterset>
			<parameterset type="modeParams" >
				<!-- [utils] alternative-specific constant.  no guarantee that this is used anywhere. default=0 to be backwards compatible for the time being -->
				<param name="constant" value="0.0" />
				<!-- [utils/m] utility of walking per m, normally negative.  this is on top of the time (dis)utility. -->
				<param name="marginalUtilityOfDistance_util_m" value="0.0" />
				<!-- [utils/hr] additional marginal utility of traveling.  normally negative.  this comes on top of the opportunity cost of time -->
				<param name="marginalUtilityOfTraveling_util_hr" value="-6.0" />
				<param name="mode" value="other" />
				<!-- [unit_of_money/m] conversion of distance into money. Normally negative. -->
				<param name="monetaryDistanceRate" value="0.0" />
			</parameterset>
		</parameterset>
	</module>
<!-- ====================================================================== -->
	<module name="plans" >
		<!-- String: minOfDurationAndEndTime tryEndTimeThenDuration endTimeOnly. Anything besides minOfDurationAndEndTime will internally use a different (simpler) version of the TimeAllocationMutator. -->
		<param name="activityDurationInterpretation" value="tryEndTimeThenDuration" />
		<!-- The Coordinates Reference System in which the coordinates are expressed in the input file. At import, the coordinates will be converted to the coordinate system defined in "global", and willbe converted back at export. If not specified, no conversion happens. -->
		<param name="inputCRS" value="null" />
		<!-- Path to a file containing person attributes (required file format: ObjectAttributes). -->
		<param name="inputPersonAttributesFile" value="null" />
		<param name="inputPlansFile" value="plans_hwh_1pct.xml.gz" />
		<!-- Defines how routes are stored in memory. Currently supported: LinkNetworkRoute, CompressedNetworkRoute. -->
		<param name="networkRouteType" value="LinkNetworkRoute" />
		<!-- (not tested) will remove plan attributes that are presumably not used, such as activityStartTime. default=false -->
		<param name="removingUnnecessaryPlanAttributes" value="false" />
		<!-- Name of the (Object)Attribute defining the subpopulation to which pertains a Person (as freight, through traffic, etc.). The attribute must be of String type.  Change away from default only in desperate situations. -->
		<param name="subpopulationAttributeName" value="subpopulation" />
	</module>
<!-- ====================================================================== -->
	<module name="planscalcroute" >
		<!-- All the modes for which the router is supposed to generate network routes (like car) -->
		<param name="networkModes" value="car" />
		<parameterset type="teleportedModeParameters" >
			<param name="beelineDistanceFactor" value="1.3" />
			<param name="mode" value="bike" />
			<!-- Free-speed factor for a teleported mode. Travel time = teleportedModeFreespeedFactor * <freespeed car travel time>. Insert a line like this for every such mode. Please do not set teleportedModeFreespeedFactor as well as teleportedModeSpeed for the same mode, but if you do, +teleportedModeFreespeedFactor wins over teleportedModeSpeed. -->
			<param name="teleportedModeFreespeedFactor" value="null" />
			<!-- Speed for a teleported mode. Travel time = (<beeline distance> * beelineDistanceFactor) / teleportedModeSpeed. Insert a line like this for every such mode. -->
			<param name="teleportedModeSpeed" value="4.166666666666667" />
		</parameterset>
		<parameterset type="teleportedModeParameters" >
			<param name="beelineDistanceFactor" value="1.3" />
			<param name="mode" value="walk" />
			<!-- Free-speed factor for a teleported mode. Travel time = teleportedModeFreespeedFactor * <freespeed car travel time>. Insert a line like this for every such mode. Please do not set teleportedModeFreespeedFactor as well as teleportedModeSpeed for the same mode, but if you do, +teleportedModeFreespeedFactor wins over teleportedModeSpeed. -->
			<param name="teleportedModeFreespeedFactor" value="null" />
			<!-- Speed for a teleported mode. Travel time = (<beeline distance> * beelineDistanceFactor) / teleportedModeSpeed. Insert a line like this for every such mode. -->
			<param name="teleportedModeSpeed" value="0.8333333333333333" />
		</parameterset>
		<parameterset type="teleportedModeParameters" >
			<param name="beelineDistanceFactor" value="1.3" />
			<param name="mode" value="access_walk" />
			<!-- Free-speed factor for a teleported mode. Travel time = teleportedModeFreespeedFactor * <freespeed car travel time>. Insert a line like this for every such mode. Please do not set teleportedModeFreespeedFactor as well as teleportedModeSpeed for the same mode, but if you do, +teleportedModeFreespeedFactor wins over teleportedModeSpeed. -->
			<param name="teleportedModeFreespeedFactor" value="null" />
			<!-- Speed for a teleported mode. Travel time = (<beeline distance> * beelineDistanceFactor) / teleportedModeSpeed. Insert a line like this for every such mode. -->
			<param name="teleportedModeSpeed" value="0.8333333333333333" />
		</parameterset>
		<parameterset type="teleportedModeParameters" >
			<param name="beelineDistanceFactor" value="1.3" />
			<param name="mode" value="egress_walk" />
			<!-- Free-speed factor for a teleported mode. Travel time = teleportedModeFreespeedFactor * <freespeed car travel time>. Insert a line like this for every such mode. Please do not set teleportedModeFreespeedFactor as well as teleportedModeSpeed for the same mode, but if you do, +teleportedModeFreespeedFactor wins over teleportedModeSpeed. -->
			<param name="teleportedModeFreespeedFactor" value="null" />
			<!-- Speed for a teleported mode. Travel time = (<beeline distance> * beelineDistanceFactor) / teleportedModeSpeed. Insert a line like this for every such mode. -->
			<param name="teleportedModeSpeed" value="0.8333333333333333" />
		</parameterset>
		<parameterset type="teleportedModeParameters" >
			<param name="beelineDistanceFactor" value="1.3" />
			<param name="mode" value="undefined" />
			<!-- Free-speed factor for a teleported mode. Travel time = teleportedModeFreespeedFactor * <freespeed car travel time>. Insert a line like this for every such mode. Please do not set teleportedModeFreespeedFactor as well as teleportedModeSpeed for the same mode, but if you do, +teleportedModeFreespeedFactor wins over teleportedModeSpeed. -->
			<param name="teleportedModeFreespeedFactor" value="null" />
			<!-- Speed for a teleported mode. Travel time = (<beeline distance> * beelineDistanceFactor) / teleportedModeSpeed. Insert a line like this for every such mode. -->
			<param name="teleportedModeSpeed" value="13.88888888888889" />
		</parameterset>
		<parameterset type="teleportedModeParameters" >
			<param name="beelineDistanceFactor" value="1.3" />
			<param name="mode" value="ride" />
			<!-- Free-speed factor for a teleported mode. Travel time = teleportedModeFreespeedFactor * <freespeed car travel time>. Insert a line like this for every such mode. Please do not set teleportedModeFreespeedFactor as well as teleportedModeSpeed for the same mode, but if you do, +teleportedModeFreespeedFactor wins over teleportedModeSpeed. -->
			<param name="teleportedModeFreespeedFactor" value="1.0" />
			<!-- Speed for a teleported mode. Travel time = (<beeline distance> * beelineDistanceFactor) / teleportedModeSpeed. Insert a line like this for every such mode. -->
			<param name="teleportedModeSpeed" value="null" />
		</parameterset>
		<parameterset type="teleportedModeParameters" >
			<param name="beelineDistanceFactor" value="1.3" />
			<param name="mode" value="pt" />
			<!-- Free-speed factor for a teleported mode. Travel time = teleportedModeFreespeedFactor * <freespeed car travel time>. Insert a line like this for every such mode. Please do not set teleportedModeFreespeedFactor as well as teleportedModeSpeed for the same mode, but if you do, +teleportedModeFreespeedFactor wins over teleportedModeSpeed. -->
			<param name="teleportedModeFreespeedFactor" value="2.0" />
			<!-- Speed for a teleported mode. Travel time = (<beeline distance> * beelineDistanceFactor) / teleportedModeSpeed. Insert a line like this for every such mode. -->
			<param name="teleportedModeSpeed" value="null" />
		</parameterset>
	</module>
<!-- ====================================================================== -->
	<module name="ptCounts" >
		<!-- factor by which to re-scale the simulated values.  necessary when simulation runs with something different from 100%.  needs to be adapted manually -->
		<param name="countsScaleFactor" value="1.0" />
		<!-- distance to distanceFilterCenterNode to include counting stations. The unit of distance is the Euclidean distance implied by the coordinate system -->
		<param name="distanceFilter" value="null" />
		<!-- node id for center node of distance filter -->
		<param name="distanceFilterCenterNode" value="null" />
		<!-- input file containing the alighting (getting off) counts for pt -->
		<param name="inputAlightCountsFile" value="null" />
		<!-- input file containing the boarding (getting on) counts for pt -->
		<param name="inputBoardCountsFile" value="null" />
		<!-- input file containing the occupancy counts for pt -->
		<param name="inputOccupancyCountsFile" value="null" />
		<!-- possible values: `html', `kml', `txt', `all' -->
		<param name="outputformat" value="null" />
		<!-- every how many iterations (starting with 0) counts comparisons are generated -->
		<param name="ptCountsInterval" value="10" />
	</module>
<!-- ====================================================================== -->
	<module name="qsim" >
		<!-- If set to true, creates a vehicle for each person corresponding to every network mode. However, this will be overridden if vehicle source is fromVehiclesData. -->
		<param name="creatingVehiclesForAllNetworkModes" value="true" />
		<param name="endTime" value="undefined" />
		<param name="flowCapacityFactor" value="1.0" />
		<!-- decides if waiting vehicles enter the network after or before the already driving vehicles were moved. Default: false -->
		<param name="insertingWaitingVehiclesBeforeDrivingVehicles" value="false" />
		<!-- If link dynamics is set as SeepageQ, set to false if all seep modes should perform seepage. Default is true (better option). -->
		<param name="isRestrictingSeepage" value="true" />
		<!-- If link dynamics is set as SeepageQ, set to true if seep mode do not consumes any space on the link. Default is false. -->
		<param name="isSeepModeStorageFree" value="false" />
		<!-- default: FIFO; options: FIFO PassingQ SeepageQ -->
		<param name="linkDynamics" value="FIFO" />
		<!-- The (initial) width of the links of the network. Use positive floating point values. This is used only for visualisation. -->
		<param name="linkWidth" value="30.0" />
		<!-- [comma-separated list] Defines which modes are congested modes. Technically, these are the modes that the departure handler of the netsimengine handles.  Effective cell size, effective lane width, flow capacity factor, and storage capacity factor need to be set with diligence.  Need to be vehicular modes to make sense. -->
		<param name="mainMode" value="car" />
		<!-- Shortens a link in the visualization, i.e. its start and end point are moved into towards the center. Does not affect traffic flow.  -->
		<param name="nodeOffset" value="0.0" />
		<!-- Number of threads used for the QSim.  Note that this setting is independent from the "global" threads setting.  In contrast to earlier versions, the non-parallel special version is no longer there. -->
		<param name="numberOfThreads" value="1" />
		<!-- Boolean. `true': stuck vehicles are removed, aborting the plan; `false': stuck vehicles are forced into the next link. `false' is probably the better choice. -->
		<param name="removeStuckVehicles" value="false" />
		<!-- If link dynamics is set as SeepageQ, set a seep mode. Default is bike. -->
		<param name="seepMode" value="bike" />
		<!-- Possible values: minOfEndtimeAndMobsimFinished, onlyUseEndtime -->
		<param name="simEndtimeInterpretation" value="null" />
		<!-- Options: maxOfStarttimeAndEarliestActivityEnd onlyUseStarttime  -->
		<param name="simStarttimeInterpretation" value="maxOfStarttimeAndEarliestActivityEnd" />
		<!-- snapshotStyle. One of: equiDist queue withHoles withHolesAndShowHoles kinematicWaves  -->
		<param name="snapshotStyle" value="equiDist" />
		<param name="snapshotperiod" value="00:00:00" />
		<param name="startTime" value="undefined" />
		<param name="storageCapacityFactor" value="1.0" />
		<!-- time in seconds.  Time after which the frontmost vehicle on a link is called `stuck' if it does not move. -->
		<param name="stuckTime" value="10.0" />
		<param name="timeStepSize" value="00:00:01" />
		<!-- options: queue withHoles kinematicWaves  -->
		<param name="trafficDynamics" value="queue" />
		<!-- Set this parameter to true if lanes should be used, false if not. -->
		<param name="useLanes" value="false" />
		<!-- If a route does not reference a vehicle, agents will use the vehicle with the same id as their own. -->
		<param name="usePersonIdForMissingVehicleId" value="true" />
		<!-- If false, the qsim accumulates fractional flows up to one flow unit in every time step.  If true, flows are updated only if an agent wants to enter the link or an agent is added to buffer. Default is true. -->
		<param name="usingFastCapacityUpdate" value="true" />
		<!-- if the qsim should use as many runners as there are threads (Christoph's dissertation version) or more of them, together with a thread pool (seems to be faster in some situations, but is not tested). -->
		<param name="usingThreadpool" value="true" />
		<!-- Defines what happens if an agent wants to depart, but the specified vehicle is not available. One of: teleport wait exception  -->
		<param name="vehicleBehavior" value="teleport" />
		<!-- If vehicles should all be the same default vehicle, or come from the vehicles file, or something else.  Possible values:  defaultVehicle modeVehicleTypesFromVehiclesData fromVehiclesData -->
		<param name="vehiclesSource" value="defaultVehicle" />
	</module>
<!-- ====================================================================== -->
	<module name="scenario" >
	</module>
<!-- ====================================================================== -->
	<module name="strategy" >
		<!-- the external executable will be called with a config file as argument.  This is the pathname to a possible skeleton config, to which additional information will be added.  Can be null. -->
		<param name="ExternalExeConfigTemplate" value="null" />
		<!-- time out value (in seconds) after which matsim will consider the external strategy as failed -->
		<param name="ExternalExeTimeOut" value="3600" />
		<!-- root directory for temporary files generated by the external executable. Provided as a service; I don't think this is used by MATSim. -->
		<param name="ExternalExeTmpFileRootDir" value="null" />
		<!-- fraction of iterations where innovative strategies are switched off.  Something link 0.8 should be good.  E.g. if you run from iteration 400 to iteration 500, innovation is switched off at iteration 480 -->
		<param name="fractionOfIterationsToDisableInnovation" value="Infinity" />
		<!-- maximum number of plans per agent.  ``0'' means ``infinity''.  Currently (2010), ``5'' is a good number -->
		<param name="maxAgentPlanMemorySize" value="5" />
		<!-- strategyName of PlanSelector for plans removal.  Possible defaults: WorstPlanSelector SelectRandom SelectExpBetaForRemoval ChangeExpBetaForRemoval PathSizeLogitSelectorForRemoval . The current default, WorstPlanSelector is not a good choice from a discrete choice theoretical perspective. Alternatives, however, have not been systematically tested. kai, feb'12 -->
		<param name="planSelectorForRemoval" value="WorstPlanSelector" />
		<parameterset type="strategysettings" >
			<!-- iteration after which strategy will be disabled.  most useful for ``innovative'' strategies (new routes, new times, ...). Normally, better use fractionOfIterationsToDisableInnovation -->
			<param name="disableAfterIteration" value="-1" />
			<!-- path to external executable (if applicable) -->
			<param name="executionPath" value="null" />
			<!-- strategyName of strategy.  Possible default names: SelectRandomBestScoreKeepLastSelectedChangeExpBetaSelectExpBetaSelectPathSizeLogit (selectors), ReRoute TimeAllocationMutator ChangeLegMode TimeAllocationMutator_ReRoute ChangeSingleLegMode ChangeSingleTripMode SubtourModeChoice ChangeTripMode TripSubtourModeChoice  (innovative strategies). -->
			<param name="strategyName" value="BestScore" />
			<!-- subpopulation to which the strategy applies. "null" refers to the default population, that is, the set of persons for which no explicit subpopulation is defined (ie no subpopulation attribute) -->
			<param name="subpopulation" value="null" />
			<!-- weight of a strategy: for each agent, a strategy will be selected with a probability proportional to its weight -->
			<param name="weight" value="0.8" />
		</parameterset>
		<parameterset type="strategysettings" >
			<!-- iteration after which strategy will be disabled.  most useful for ``innovative'' strategies (new routes, new times, ...). Normally, better use fractionOfIterationsToDisableInnovation -->
			<param name="disableAfterIteration" value="-1" />
			<!-- path to external executable (if applicable) -->
			<param name="executionPath" value="null" />
			<!-- strategyName of strategy.  Possible default names: SelectRandomBestScoreKeepLastSelectedChangeExpBetaSelectExpBetaSelectPathSizeLogit (selectors), ReRoute TimeAllocationMutator ChangeLegMode TimeAllocationMutator_ReRoute ChangeSingleLegMode ChangeSingleTripMode SubtourModeChoice ChangeTripMode TripSubtourModeChoice  (innovative strategies). -->
			<param name="strategyName" value="ReRoute" />
			<!-- subpopulation to which the strategy applies. "null" refers to the default population, that is, the set of persons for which no explicit subpopulation is defined (ie no subpopulation attribute) -->
			<param name="subpopulation" value="null" />
			<!-- weight of a strategy: for each agent, a strategy will be selected with a probability proportional to its weight -->
			<param name="weight" value="0.1" />
		</parameterset>
		<parameterset type="strategysettings" >
			<!-- iteration after which strategy will be disabled.  most useful for ``innovative'' strategies (new routes, new times, ...). Normally, better use fractionOfIterationsToDisableInnovation -->
			<param name="disableAfterIteration" value="-1" />
			<!-- path to external executable (if applicable) -->
			<param name="executionPath" value="null" />
			<!-- strategyName of strategy.  Possible default names: SelectRandomBestScoreKeepLastSelectedChangeExpBetaSelectExpBetaSelectPathSizeLogit (selectors), ReRoute TimeAllocationMutator ChangeLegMode TimeAllocationMutator_ReRoute ChangeSingleLegMode ChangeSingleTripMode SubtourModeChoice ChangeTripMode TripSubtourModeChoice  (innovative strategies). -->
			<param name="strategyName" value="TimeAllocationMutator" />
			<!-- subpopulation to which the strategy applies. "null" refers to the default population, that is, the set of persons for which no explicit subpopulation is defined (ie no subpopulation attribute) -->
			<param name="subpopulation" value="null" />
			<!-- weight of a strategy: for each agent, a strategy will be selected with a probability proportional to its weight -->
			<param name="weight" value="0.1" />
		</parameterset>
	</module>
<!-- ====================================================================== -->
	<module name="subtourModeChoice" >
		<!-- Defines the chain-based modes, seperated by commas -->
		<param name="chainBasedModes" value="car,bike" />
		<!-- Defines whether car availability must be considered or not. A agent has no car only if it has no license, or never access to a car -->
		<param name="considerCarAvailability" value="false" />
		<!-- Defines all the modes available, including chain-based modes, seperated by commas -->
		<param name="modes" value="car,pt,bike,walk" />
	</module>
<!-- ====================================================================== -->
	<module name="transit" >
		<!-- The Coordinates Reference System in which the coordinates are expressed in the input file. At import, the coordinates will be converted to the coordinate system defined in "global", and willbe converted back at export. If not specified, no conversion happens. -->
		<param name="inputScheduleCRS" value="null" />
		<!-- Optional input file containing additional attributes for transit lines, stored as ObjectAttributes. -->
		<param name="transitLinesAttributesFile" value="null" />
		<!-- Comma-separated list of transportation modes that are handled as transit. Defaults to 'pt'. -->
		<param name="transitModes" value="pt" />
		<!-- Input file containing the transit schedule to be simulated. -->
		<param name="transitScheduleFile" value="null" />
		<!-- Optional input file containing additional attributes for transit stop facilities, stored as ObjectAttributes. -->
		<param name="transitStopsAttributesFile" value="null" />
		<!-- Set this parameter to true if transit should be simulated, false if not. -->
		<param name="useTransit" value="false" />
		<!-- Input file containing the vehicles used by the departures in the transit schedule. -->
		<param name="vehiclesFile" value="null" />
	</module>
<!-- ====================================================================== -->
	<module name="transitRouter" >
		<!-- additional time the router allocates when a line switch happens. Can be interpreted as a 'safety' time that agents need to safely transfer from one line to another -->
		<param name="additionalTransferTime" value="0.0" />
		<!-- Factor with which direct walk generalized cost is multiplied before it is compared to the pt generalized cost.  Set to a very high value to reduce direct walk results. -->
		<param name="directWalkFactor" value="1.0" />
		<!-- step size to increase searchRadius if no stops are found -->
		<param name="extensionRadius" value="200.0" />
		<!-- maximum beeline distance between stops that agents could transfer to by walking -->
		<param name="maxBeelineWalkConnectionDistance" value="100.0" />
		<!-- the radius in which stop locations are searched, given a start or target coordinate -->
		<param name="searchRadius" value="1000.0" />
	</module>
<!-- ====================================================================== -->
	<module name="travelTimeCalculator" >
		<!-- Transport modes that will be respected by the travel time collector. 'car' is default, which includes also busses from the pt simulation module. Use this parameter in combination with 'filterModes' = true! -->
		<param name="analyzedModes" value="car" />
		<param name="calculateLinkToLinkTravelTimes" value="false" />
		<param name="calculateLinkTravelTimes" value="true" />
		<!-- If true, link travel times from legs performed on modes not included in the 'analyzedModes' parameter are ignored. -->
		<param name="filterModes" value="false" />
		<!-- The lenght (in sec) of the time period that is splited into time bins; an additional time bin is created to aggregate all travel times collected after maxTime -->
		<param name="maxTime" value="108000" />
		<!-- If true, link travel times are measured and calculated separately for each mode in analyzedModes. Other modes are ignored. If true, filterModes has no effect. -->
		<param name="separateModes" value="false" />
		<!-- How to deal with congested time bins that have no link entry events. `optimistic' assumes free speed (too optimistic); 'experimental_LastMile' is experimental and probably too pessimistic. -->
		<param name="travelTimeAggregator" value="optimistic" />
		<!-- The size of the time bin (in sec) into which the link travel times are aggregated for the router -->
		<param name="travelTimeBinSize" value="900" />
		<!-- possible values: TravelTimeCalculatorArray TravelTimeCalculatorHashMap  -->
		<param name="travelTimeCalculator" value="TravelTimeCalculatorArray" />
		<!-- How to deal with link entry times at different positions during the time bin. Currently supported: average, linearinterpolation -->
		<param name="travelTimeGetter" value="average" />
	</module>
<!-- ====================================================================== -->
	<module name="vehicles" >
		<param name="vehiclesFile" value="null" />
	</module>
<!-- ====================================================================== -->
	<module name="vspExperimental" >
		<!-- (do not use except of you have to) There was a problem with pt interaction scoring.  Some people solved it by overwriting the parameters of the pt interaction activity type.  Doing this now throws an Exception.  If you still insist on doing this, set the following to true. -->
		<param name="isAbleToOverwritePtInteractionParams" value="false" />
		<param name="isGeneratingBoardingDeniedEvent" value="false" />
		<!-- if an approximation of the opportunity cost of time is included into the radius calculation for location choice.`true' will be faster, but it is an approximation.  Default is `true'; `false' is available for backwards compatibility. -->
		<param name="isUsingOpportunityCostOfTimeForLocationChoice" value="true" />
		<param name="logitScaleParamForPlansRemoval" value="1.0" />
		<!-- Options: | ignore | info | warn | abort | .  When violating VSP defaults, this results in nothing, logfile infos, logfile warnings, or aborts.  Members of VSP should use `abort' or talk to kai. -->
		<param name="vspDefaultsCheckingLevel" value="ignore" />
		<!-- if true then writes output_events in output directory.  default is `false'. Will only work when lastIteration is multiple of events writing interval -->
		<param name="writingOutputEvents" value="true" />
	</module>
<!-- ====================================================================== -->

</config>

2018-08-25 22:03:02,013  INFO ControlerUtils:63 Complete config dump done.
2018-08-25 22:03:02,014  INFO ControlerUtils:64 Checking consistency of config...
2018-08-25 22:03:02,015  INFO VspConfigConsistencyCheckerImpl:58 NOT running vsp config consistency check because vsp defaults checking level is set to IGNORE
2018-08-25 22:03:02,015  INFO ControlerUtils:66 Checking consistency of config done.
2018-08-25 22:03:02,036 DEBUG NetworkRoutingProvider:75 requesting network routing module with routingMode=car;	mode=car
2018-08-25 22:03:02,051 DEBUG NetworkRoutingProvider:75 requesting network routing module with routingMode=car;	mode=car
2018-08-25 22:03:02,066  INFO Counter:61 [PersonPrepareForSim] handled person # 1
2018-08-25 22:03:02,066  INFO Counter:61 [PersonPrepareForSim] handled person # 2
2018-08-25 22:03:02,067  INFO Counter:61 [PersonPrepareForSim] handled person # 4
2018-08-25 22:03:02,067  INFO Counter:61 [PersonPrepareForSim] handled person # 8
2018-08-25 22:03:02,068  INFO Counter:61 [PersonPrepareForSim] handled person # 16
2018-08-25 22:03:02,068  INFO Counter:61 [PersonPrepareForSim] handled person # 32
2018-08-25 22:03:02,069  INFO Counter:61 [PersonPrepareForSim] handled person # 64
2018-08-25 22:03:02,071  INFO Counter:61 [PersonPrepareForSim] handled person # 128
2018-08-25 22:03:02,073  INFO Counter:61 [PersonPrepareForSim] handled person # 256
2018-08-25 22:03:02,076  INFO Counter:61 [PersonPrepareForSim] handled person # 512
2018-08-25 22:03:02,083  INFO Counter:61 [PersonPrepareForSim] handled person # 1024
2018-08-25 22:03:02,091  INFO Counter:61 [PersonPrepareForSim] handled person # 2048
2018-08-25 22:03:02,105  INFO Counter:61 [PersonPrepareForSim] handled person # 4096
2018-08-25 22:03:02,126  INFO Counter:61 [PersonPrepareForSim] handled person # 8192
2018-08-25 22:03:02,159  INFO Counter:67 [PersonPrepareForSim] handled person # 15931
2018-08-25 22:03:02,159  INFO Counter:61  vehicles # 1
2018-08-25 22:03:02,160  INFO Counter:61  vehicles # 2
2018-08-25 22:03:02,160  INFO Counter:61  vehicles # 4
2018-08-25 22:03:02,160  INFO Counter:61  vehicles # 8
2018-08-25 22:03:02,160  INFO Counter:61  vehicles # 16
2018-08-25 22:03:02,161  INFO Counter:61  vehicles # 32
2018-08-25 22:03:02,161  INFO Counter:61  vehicles # 64
2018-08-25 22:03:02,161  INFO Counter:61  vehicles # 128
2018-08-25 22:03:02,163  INFO Counter:61  vehicles # 256
2018-08-25 22:03:02,164  INFO Counter:61  vehicles # 512
2018-08-25 22:03:02,167  INFO Counter:61  vehicles # 1024
2018-08-25 22:03:02,172  INFO Counter:61  vehicles # 2048
2018-08-25 22:03:02,240  INFO Counter:61  vehicles # 4096
2018-08-25 22:03:02,256  INFO Counter:61  vehicles # 8192
2018-08-25 22:03:02,305  INFO AbstractController:126 ###################################################
2018-08-25 22:03:02,305  INFO AbstractController:127 ### ITERATION 0 BEGINS
2018-08-25 22:03:02,307  INFO ControlerListenerManagerImpl:145 calling notifyIterationStarts on org.matsim.analysis.LegHistogramListener
2018-08-25 22:03:02,308  INFO ControlerListenerManagerImpl:145 calling notifyIterationStarts on org.matsim.analysis.LinkStatsControlerListener
2018-08-25 22:03:02,308  INFO ControlerListenerManagerImpl:145 calling notifyIterationStarts on org.matsim.core.replanning.ReplanningContextImpl
2018-08-25 22:03:02,308  INFO ControlerListenerManagerImpl:145 calling notifyIterationStarts on org.matsim.core.scoring.ExperiencedPlansServiceImpl$1
2018-08-25 22:03:02,318  INFO ControlerListenerManagerImpl:145 calling notifyIterationStarts on org.matsim.core.scoring.ScoringFunctionsForPopulation$1
2018-08-25 22:03:02,370  INFO ControlerListenerManagerImpl:148 [it.0] all ControlerIterationStartsListeners called.
2018-08-25 22:03:02,371  INFO ControlerListenerManagerImpl:224 calling notifyBeforeMobsim on org.matsim.core.controler.corelisteners.EventsHandlingImpl
2018-08-25 22:03:02,372  INFO EventsManagerImpl:170 resetting Event-Handlers
2018-08-25 22:03:02,372  INFO EventsManagerImpl:177   org.matsim.core.trafficmonitoring.TravelTimeCalculator
2018-08-25 22:03:02,372  INFO EventsManagerImpl:177   org.matsim.core.scoring.EventsToLegs
2018-08-25 22:03:02,372  INFO EventsManagerImpl:177   org.matsim.analysis.VolumesAnalyzer
2018-08-25 22:03:02,372  INFO EventsManagerImpl:177   org.matsim.core.scoring.EventsToActivities
2018-08-25 22:03:02,372  INFO EventsManagerImpl:177   org.matsim.analysis.CalcLegTimes
2018-08-25 22:03:02,372  INFO EventsManagerImpl:177   org.matsim.analysis.LegHistogram
2018-08-25 22:03:02,373  INFO EventsManagerImpl:177   org.matsim.core.scoring.ScoringFunctionsForPopulation
2018-08-25 22:03:02,376  INFO EventsManagerImpl:144 adding Event-Handler: org.matsim.core.events.algorithms.EventWriterXML
2018-08-25 22:03:02,377  INFO EventsManagerImpl:148   org.matsim.core.events.algorithms.EventWriter
2018-08-25 22:03:02,377  INFO EventsManagerImpl:148   org.matsim.core.events.handler.BasicEventHandler
2018-08-25 22:03:02,377  INFO EventsManagerImpl:207     > org.matsim.api.core.v01.events.Event
2018-08-25 22:03:02,377  INFO EventsManagerImpl:156 
2018-08-25 22:03:02,377  INFO EventsManagerImpl:144 adding Event-Handler: org.matsim.core.events.algorithms.EventWriterXML
2018-08-25 22:03:02,377  INFO EventsManagerImpl:148   org.matsim.core.events.algorithms.EventWriter
2018-08-25 22:03:02,378  INFO EventsManagerImpl:148   org.matsim.core.events.handler.BasicEventHandler
2018-08-25 22:03:02,378  INFO EventsManagerImpl:207     > org.matsim.api.core.v01.events.Event
2018-08-25 22:03:02,378  INFO EventsManagerImpl:156 
2018-08-25 22:03:02,378  INFO ControlerListenerManagerImpl:224 calling notifyBeforeMobsim on org.matsim.core.controler.corelisteners.PlansDumpingImpl
2018-08-25 22:03:02,378  INFO PlansDumpingImpl:75 dumping plans...
2018-08-25 22:03:02,398  INFO Counter:61 [PopulationWriter] dumped person # 1
2018-08-25 22:03:02,398  INFO Counter:61 [PopulationWriter] dumped person # 2
2018-08-25 22:03:02,399  INFO Counter:61 [PopulationWriter] dumped person # 4
2018-08-25 22:03:02,400  INFO Counter:61 [PopulationWriter] dumped person # 8
2018-08-25 22:03:02,404  INFO Counter:61 [PopulationWriter] dumped person # 16
2018-08-25 22:03:02,410  INFO Counter:61 [PopulationWriter] dumped person # 32
2018-08-25 22:03:02,418  INFO Counter:61 [PopulationWriter] dumped person # 64
2018-08-25 22:03:02,430  INFO Counter:61 [PopulationWriter] dumped person # 128
2018-08-25 22:03:02,447  INFO Counter:61 [PopulationWriter] dumped person # 256
2018-08-25 22:03:02,467  INFO Counter:61 [PopulationWriter] dumped person # 512
2018-08-25 22:03:02,513  INFO Counter:61 [PopulationWriter] dumped person # 1024
2018-08-25 22:03:02,574  INFO Counter:61 [PopulationWriter] dumped person # 2048
2018-08-25 22:03:02,726  INFO Counter:61 [PopulationWriter] dumped person # 4096
2018-08-25 22:03:03,002  INFO Counter:61 [PopulationWriter] dumped person # 8192
2018-08-25 22:03:03,383  INFO PopulationWriter:139 Population written to: ./output/berlin/ITERS/it.0/0.plans.xml.gz
2018-08-25 22:03:03,388  INFO Counter:67 [PopulationWriter] dumped person # 15931
2018-08-25 22:03:03,388  INFO PlansDumpingImpl:92 finished plans dump.
2018-08-25 22:03:03,388  INFO ControlerListenerManagerImpl:229 calling notifyBeforeMobsim on org.matsim.core.population.VspPlansCleaner
2018-08-25 22:03:03,408  INFO ControlerListenerManagerImpl:232 [it.0] all ControlerBeforeMobsimListeners called.
2018-08-25 22:03:03,454  INFO MobsimListenerManager:49 calling addQueueSimulationListener
2018-08-25 22:03:03,455  INFO MobsimListenerManager:53   assigned class org.matsim.core.mobsim.framework.listeners.MobsimListener to interface org.matsim.core.mobsim.framework.listeners.MobsimAfterSimStepListener
2018-08-25 22:03:03,455  INFO MobsimListenerManager:53   assigned class org.matsim.core.mobsim.framework.listeners.MobsimListener to interface org.matsim.vis.snapshotwriters.SnapshotWriterManager
2018-08-25 22:03:03,455  INFO MobsimListenerManager:53   assigned class org.matsim.core.mobsim.framework.listeners.MobsimListener to interface org.matsim.core.mobsim.framework.listeners.MobsimInitializedListener
2018-08-25 22:03:03,455  INFO MobsimListenerManager:53   assigned class org.matsim.core.mobsim.framework.listeners.MobsimListener to interface org.matsim.core.mobsim.framework.listeners.MobsimBeforeCleanupListener
2018-08-25 22:03:03,456  INFO MobsimListenerManager:53   assigned class org.matsim.core.mobsim.framework.listeners.MobsimListener to interface org.matsim.core.mobsim.framework.listeners.MobsimListener
2018-08-25 22:03:03,527  WARN QueueWithBuffer:377 Link 21879 too small: enlarge storage capacity from: 54.670731556189075 Vehicles to: 1339.518652320381 Vehicles.  This is not fatal, but modifies the traffic flow dynamics.
2018-08-25 22:03:03,528  WARN QueueWithBuffer:377 Link 21880 too small: enlarge storage capacity from: 54.670731556189075 Vehicles to: 1339.518652320381 Vehicles.  This is not fatal, but modifies the traffic flow dynamics.
2018-08-25 22:03:03,566  INFO Injector:80 === printInjector start ===
2018-08-25 22:03:03,566  INFO Injector:84 org.matsim.core.mobsim.qsim.qnetsimengine.VehicularDepartureHandler 
2018-08-25 22:03:03,566  INFO Injector:85   --> provider: Key[type=org.matsim.core.mobsim.qsim.qnetsimengine.QNetsimEngineDepartureHandlerProvider, annotation=[none]][Scopes.SINGLETON]
2018-08-25 22:03:03,567  INFO Injector:86   --> source: org.matsim.core.mobsim.qsim.qnetsimengine.QNetsimEnginePlugin$1.configure(QNetsimEnginePlugin.java:25)
2018-08-25 22:03:03,567  INFO Injector:88   --> scope: eager singleton
2018-08-25 22:03:03,567  INFO Injector:92 
2018-08-25 22:03:03,567  INFO Injector:84 org.matsim.core.mobsim.qsim.agents.AgentFactory 
2018-08-25 22:03:03,567  INFO Injector:85   --> provider: FactoryProxy{key=Key[type=org.matsim.core.mobsim.qsim.agents.AgentFactory, annotation=[none]], provider=com.google.inject.internal.ConstructorBindingImpl$Factory@67e1a5fd}[Scopes.SINGLETON]
2018-08-25 22:03:03,567  INFO Injector:86   --> source: org.matsim.core.mobsim.qsim.PopulationPlugin$1.configure(PopulationPlugin.java:30)
2018-08-25 22:03:03,568  INFO Injector:88   --> scope: eager singleton
2018-08-25 22:03:03,568  INFO Injector:92 
2018-08-25 22:03:03,568  INFO Injector:84 org.matsim.core.mobsim.qsim.interfaces.Netsim 
2018-08-25 22:03:03,568  INFO Injector:85   --> provider: FactoryProxy{key=Key[type=org.matsim.core.mobsim.qsim.interfaces.Netsim, annotation=[none]], provider=com.google.inject.internal.ConstructorBindingImpl$Factory@16cbba0f[Scopes.SINGLETON]}
2018-08-25 22:03:03,568  INFO Injector:86   --> source: org.matsim.core.mobsim.qsim.QSimProvider$1.configure(QSimProvider.java:65)
2018-08-25 22:03:03,568  INFO Injector:88   --> scope: Scopes.NO_SCOPE
2018-08-25 22:03:03,568  INFO Injector:92 
2018-08-25 22:03:03,568  INFO Injector:84 org.matsim.core.mobsim.jdeqsim.MessageQueue 
2018-08-25 22:03:03,569  INFO Injector:85   --> provider: com.google.inject.internal.ConstructorBindingImpl$Factory@6c2be147[Scopes.SINGLETON]
2018-08-25 22:03:03,569  INFO Injector:86   --> source: org.matsim.core.mobsim.qsim.messagequeueengine.MessageQueuePlugin$1.configure(MessageQueuePlugin.java:24)
2018-08-25 22:03:03,569  INFO Injector:88   --> scope: eager singleton
2018-08-25 22:03:03,569  INFO Injector:92 
2018-08-25 22:03:03,569  INFO Injector:84 org.matsim.core.mobsim.qsim.jdeqsimengine.SteppableScheduler 
2018-08-25 22:03:03,569  INFO Injector:85   --> provider: com.google.inject.internal.ConstructorBindingImpl$Factory@1d57b8f1[Scopes.SINGLETON]
2018-08-25 22:03:03,569  INFO Injector:86   --> source: org.matsim.core.mobsim.qsim.messagequeueengine.MessageQueuePlugin$1.configure(MessageQueuePlugin.java:25)
2018-08-25 22:03:03,569  INFO Injector:88   --> scope: eager singleton
2018-08-25 22:03:03,569  INFO Injector:92 
2018-08-25 22:03:03,570  INFO Injector:84 org.matsim.core.mobsim.qsim.messagequeueengine.MessageQueueEngine 
2018-08-25 22:03:03,570  INFO Injector:85   --> provider: com.google.inject.internal.ConstructorBindingImpl$Factory@2d41bb5a[Scopes.SINGLETON]
2018-08-25 22:03:03,570  INFO Injector:86   --> source: org.matsim.core.mobsim.qsim.messagequeueengine.MessageQueuePlugin$1.configure(MessageQueuePlugin.java:26)
2018-08-25 22:03:03,570  INFO Injector:88   --> scope: eager singleton
2018-08-25 22:03:03,570  INFO Injector:92 
2018-08-25 22:03:03,570  INFO Injector:84 org.matsim.core.mobsim.qsim.ActivityEngine 
2018-08-25 22:03:03,570  INFO Injector:85   --> provider: com.google.inject.internal.ConstructorBindingImpl$Factory@43e30f15[Scopes.SINGLETON]
2018-08-25 22:03:03,571  INFO Injector:86   --> source: org.matsim.core.mobsim.qsim.ActivityEnginePlugin$1.configure(ActivityEnginePlugin.java:23)
2018-08-25 22:03:03,571  INFO Injector:88   --> scope: eager singleton
2018-08-25 22:03:03,571  INFO Injector:92 
2018-08-25 22:03:03,571  INFO Injector:84 org.matsim.core.mobsim.qsim.qnetsimengine.QNetsimEngine 
2018-08-25 22:03:03,571  INFO Injector:85   --> provider: com.google.inject.internal.ConstructorBindingImpl$Factory@2ce62e27[Scopes.SINGLETON]
2018-08-25 22:03:03,571  INFO Injector:86   --> source: org.matsim.core.mobsim.qsim.qnetsimengine.QNetsimEnginePlugin$1.configure(QNetsimEnginePlugin.java:24)
2018-08-25 22:03:03,571  INFO Injector:88   --> scope: eager singleton
2018-08-25 22:03:03,572  INFO Injector:92 
2018-08-25 22:03:03,572  INFO Injector:84 org.matsim.core.mobsim.qsim.DefaultTeleportationEngine 
2018-08-25 22:03:03,572  INFO Injector:85   --> provider: com.google.inject.internal.ConstructorBindingImpl$Factory@19855799[Scopes.SINGLETON]
2018-08-25 22:03:03,572  INFO Injector:86   --> source: org.matsim.core.mobsim.qsim.TeleportationPlugin$1.configure(TeleportationPlugin.java:21)
2018-08-25 22:03:03,572  INFO Injector:88   --> scope: eager singleton
2018-08-25 22:03:03,573  INFO Injector:92 
2018-08-25 22:03:03,573  INFO Injector:84 org.matsim.core.mobsim.qsim.agents.PopulationAgentSource 
2018-08-25 22:03:03,573  INFO Injector:85   --> provider: com.google.inject.internal.ConstructorBindingImpl$Factory@1c06f19c[Scopes.SINGLETON]
2018-08-25 22:03:03,573  INFO Injector:86   --> source: org.matsim.core.mobsim.qsim.PopulationPlugin$1.configure(PopulationPlugin.java:26)
2018-08-25 22:03:03,573  INFO Injector:88   --> scope: eager singleton
2018-08-25 22:03:03,573  INFO Injector:92 
2018-08-25 22:03:03,573  INFO Injector:84 org.matsim.core.mobsim.qsim.QSim 
2018-08-25 22:03:03,573  INFO Injector:85   --> provider: com.google.inject.internal.ConstructorBindingImpl$Factory@16cbba0f[Scopes.SINGLETON]
2018-08-25 22:03:03,574  INFO Injector:86   --> source: org.matsim.core.mobsim.qsim.QSimProvider$1.configure(QSimProvider.java:64)
2018-08-25 22:03:03,574  INFO Injector:88   --> scope: eager singleton
2018-08-25 22:03:03,574  INFO Injector:92 
2018-08-25 22:03:03,574  INFO Injector:95 === printInjector end ===
2018-08-25 22:03:03,574  INFO MobsimListenerManager:49 calling addQueueSimulationListener
2018-08-25 22:03:03,574  INFO MobsimListenerManager:53   assigned class org.matsim.core.mobsim.framework.listeners.MobsimListener to interface org.matsim.core.mobsim.framework.listeners.MobsimBeforeSimStepListener
2018-08-25 22:03:03,574  INFO MobsimListenerManager:53   assigned class org.matsim.core.mobsim.framework.listeners.MobsimListener to interface org.matsim.core.mobsim.qsim.messagequeueengine.MessageQueueEngine
2018-08-25 22:03:03,574  INFO MobsimListenerManager:53   assigned class org.matsim.core.mobsim.framework.listeners.MobsimListener to interface org.matsim.core.mobsim.framework.listeners.MobsimListener
2018-08-25 22:03:03,698  INFO QNetsimEngine:504 Assigned 11566 nodes and 27664 links to QSimEngineRunner #0
2018-08-25 22:03:03,726  INFO EventsManagerImpl:134  event # 1
2018-08-25 22:03:03,730  INFO EventsManagerImpl:134  event # 4
2018-08-25 22:03:03,732  INFO EventsManagerImpl:134  event # 16
2018-08-25 22:03:03,733  INFO EventsManagerImpl:134  event # 64
2018-08-25 22:03:03,739  INFO EventsManagerImpl:134  event # 256
2018-08-25 22:03:03,754  INFO EventsManagerImpl:134  event # 1024
2018-08-25 22:03:03,783  INFO EventsManagerImpl:134  event # 4096
2018-08-25 22:03:03,854  INFO EventsManagerImpl:134  event # 16384
2018-08-25 22:03:03,856  INFO QNetsimEngine:347 SIMULATION (QNetsimEngine) AT 08:00:00 : #links=3240 #nodes=4875
2018-08-25 22:03:03,857  INFO QSim:506 SIMULATION (NEW QSim) AT 08:00:00 : #Veh=15931 lost=0 simT=0.0s realT=0s; (s/r): 0.0
2018-08-25 22:03:03,857  INFO Gbl:54 used RAM: 341920088B = 333906kB = 326MB  free: 123647656B = 117MB  total: 465567744B = 444MB
2018-08-25 22:03:04,190  INFO EventsManagerImpl:134  event # 65536
2018-08-25 22:03:05,065  INFO EventsManagerImpl:134  event # 262144
2018-08-25 22:03:11,391  INFO QNetsimEngine:347 SIMULATION (QNetsimEngine) AT 09:00:00 : #links=108 #nodes=6
2018-08-25 22:03:11,391  INFO QSim:506 SIMULATION (NEW QSim) AT 09:00:00 : #Veh=15931 lost=0 simT=3600.0s realT=7s; (s/r): 514.2857142857143
2018-08-25 22:03:11,391  INFO Gbl:54 used RAM: 273772984B = 267356kB = 261MB  free: 267292232B = 254MB  total: 541065216B = 516MB
2018-08-25 22:03:11,514  INFO QNetsimEngine:347 SIMULATION (QNetsimEngine) AT 10:00:00 : #links=0 #nodes=0
2018-08-25 22:03:11,515  INFO QSim:506 SIMULATION (NEW QSim) AT 10:00:00 : #Veh=15931 lost=0 simT=7200.0s realT=8s; (s/r): 900.0
2018-08-25 22:03:11,515  INFO Gbl:54 used RAM: 280756864B = 274176kB = 267MB  free: 260308352B = 248MB  total: 541065216B = 516MB
2018-08-25 22:03:11,624  INFO QNetsimEngine:347 SIMULATION (QNetsimEngine) AT 11:00:00 : #links=0 #nodes=0
2018-08-25 22:03:11,624  INFO QSim:506 SIMULATION (NEW QSim) AT 11:00:00 : #Veh=15931 lost=0 simT=10800.0s realT=8s; (s/r): 1350.0
2018-08-25 22:03:11,624  INFO Gbl:54 used RAM: 282201528B = 275587kB = 269MB  free: 258863688B = 246MB  total: 541065216B = 516MB
2018-08-25 22:03:11,726  INFO QNetsimEngine:347 SIMULATION (QNetsimEngine) AT 12:00:00 : #links=0 #nodes=0
2018-08-25 22:03:11,726  INFO QSim:506 SIMULATION (NEW QSim) AT 12:00:00 : #Veh=15931 lost=0 simT=14400.0s realT=8s; (s/r): 1800.0
2018-08-25 22:03:11,726  INFO Gbl:54 used RAM: 284730976B = 278057kB = 271MB  free: 256334240B = 244MB  total: 541065216B = 516MB
2018-08-25 22:03:11,813  INFO QNetsimEngine:347 SIMULATION (QNetsimEngine) AT 13:00:00 : #links=0 #nodes=0
2018-08-25 22:03:11,813  INFO QSim:506 SIMULATION (NEW QSim) AT 13:00:00 : #Veh=15931 lost=0 simT=18000.0s realT=8s; (s/r): 2250.0
2018-08-25 22:03:11,813  INFO Gbl:54 used RAM: 286778880B = 280057kB = 273MB  free: 254286336B = 242MB  total: 541065216B = 516MB
2018-08-25 22:03:11,903  INFO QNetsimEngine:347 SIMULATION (QNetsimEngine) AT 14:00:00 : #links=0 #nodes=0
2018-08-25 22:03:11,903  INFO QSim:506 SIMULATION (NEW QSim) AT 14:00:00 : #Veh=15931 lost=0 simT=21600.0s realT=8s; (s/r): 2700.0
2018-08-25 22:03:11,904  INFO Gbl:54 used RAM: 289847432B = 283054kB = 276MB  free: 251217784B = 239MB  total: 541065216B = 516MB
2018-08-25 22:03:12,001  INFO QNetsimEngine:347 SIMULATION (QNetsimEngine) AT 15:00:00 : #links=0 #nodes=0
2018-08-25 22:03:12,001  INFO QSim:506 SIMULATION (NEW QSim) AT 15:00:00 : #Veh=15931 lost=0 simT=25200.0s realT=8s; (s/r): 3150.0
2018-08-25 22:03:12,001  INFO Gbl:54 used RAM: 291895336B = 285054kB = 278MB  free: 249169880B = 237MB  total: 541065216B = 516MB
2018-08-25 22:03:12,098  INFO QNetsimEngine:347 SIMULATION (QNetsimEngine) AT 16:00:00 : #links=0 #nodes=0
2018-08-25 22:03:12,098  INFO QSim:506 SIMULATION (NEW QSim) AT 16:00:00 : #Veh=15931 lost=0 simT=28800.0s realT=8s; (s/r): 3600.0
2018-08-25 22:03:12,098  INFO Gbl:54 used RAM: 293821736B = 286935kB = 280MB  free: 247243480B = 235MB  total: 541065216B = 516MB
2018-08-25 22:03:12,191  INFO QNetsimEngine:347 SIMULATION (QNetsimEngine) AT 17:00:00 : #links=0 #nodes=0
2018-08-25 22:03:12,191  INFO QSim:506 SIMULATION (NEW QSim) AT 17:00:00 : #Veh=15931 lost=0 simT=32400.0s realT=8s; (s/r): 4050.0
2018-08-25 22:03:12,192  INFO Gbl:54 used RAM: 295869672B = 288935kB = 282MB  free: 245195544B = 233MB  total: 541065216B = 516MB
2018-08-25 22:03:12,282  INFO QNetsimEngine:347 SIMULATION (QNetsimEngine) AT 18:00:00 : #links=0 #nodes=0
2018-08-25 22:03:12,282  INFO QSim:506 SIMULATION (NEW QSim) AT 18:00:00 : #Veh=15931 lost=0 simT=36000.0s realT=8s; (s/r): 4500.0
2018-08-25 22:03:12,282  INFO Gbl:54 used RAM: 297917592B = 290935kB = 284MB  free: 243147624B = 231MB  total: 541065216B = 516MB
2018-08-25 22:03:12,377  INFO QNetsimEngine:347 SIMULATION (QNetsimEngine) AT 19:00:00 : #links=0 #nodes=0
2018-08-25 22:03:12,377  INFO QSim:506 SIMULATION (NEW QSim) AT 19:00:00 : #Veh=15931 lost=0 simT=39600.0s realT=8s; (s/r): 4950.0
2018-08-25 22:03:12,377  INFO Gbl:54 used RAM: 299362272B = 292345kB = 285MB  free: 241702944B = 230MB  total: 541065216B = 516MB
2018-08-25 22:03:12,473  INFO QNetsimEngine:347 SIMULATION (QNetsimEngine) AT 20:00:00 : #links=0 #nodes=0
2018-08-25 22:03:12,474  INFO QSim:506 SIMULATION (NEW QSim) AT 20:00:00 : #Veh=15931 lost=0 simT=43200.0s realT=9s; (s/r): 4800.0
2018-08-25 22:03:12,474  INFO Gbl:54 used RAM: 301410200B = 294345kB = 287MB  free: 239655016B = 228MB  total: 541065216B = 516MB
2018-08-25 22:03:12,571  INFO QNetsimEngine:347 SIMULATION (QNetsimEngine) AT 21:00:00 : #links=0 #nodes=0
2018-08-25 22:03:12,572  INFO QSim:506 SIMULATION (NEW QSim) AT 21:00:00 : #Veh=15931 lost=0 simT=46800.0s realT=9s; (s/r): 5200.0
2018-08-25 22:03:12,572  INFO Gbl:54 used RAM: 304960296B = 297812kB = 290MB  free: 236104920B = 225MB  total: 541065216B = 516MB
2018-08-25 22:03:12,665  INFO QNetsimEngine:347 SIMULATION (QNetsimEngine) AT 22:00:00 : #links=0 #nodes=0
2018-08-25 22:03:12,665  INFO QSim:506 SIMULATION (NEW QSim) AT 22:00:00 : #Veh=15931 lost=0 simT=50400.0s realT=9s; (s/r): 5600.0
2018-08-25 22:03:12,666  INFO Gbl:54 used RAM: 307008152B = 299812kB = 292MB  free: 234057064B = 223MB  total: 541065216B = 516MB
2018-08-25 22:03:12,757  INFO QNetsimEngine:347 SIMULATION (QNetsimEngine) AT 23:00:00 : #links=0 #nodes=0
2018-08-25 22:03:12,757  INFO QSim:506 SIMULATION (NEW QSim) AT 23:00:00 : #Veh=15931 lost=0 simT=54000.0s realT=9s; (s/r): 6000.0
2018-08-25 22:03:12,757  INFO Gbl:54 used RAM: 308452832B = 301223kB = 294MB  free: 232612384B = 221MB  total: 541065216B = 516MB
2018-08-25 22:03:12,866  INFO VehicularDepartureHandler:110 teleport vehicle 98935 from link 12737 to link 13241
2018-08-25 22:03:12,872  INFO VehicularDepartureHandler:110 teleport vehicle 94808 from link 8647 to link 8571
2018-08-25 22:03:12,928  INFO VehicularDepartureHandler:110 teleport vehicle 286524 from link 24890 to link 25271
2018-08-25 22:03:12,939  INFO VehicularDepartureHandler:110 teleport vehicle 251506 from link 22831 to link 22842
2018-08-25 22:03:12,940  INFO VehicularDepartureHandler:110 teleport vehicle 251254 from link 21558 to link 21886
2018-08-25 22:03:12,942  INFO VehicularDepartureHandler:110 teleport vehicle 247174 from link 7059 to link 5535
2018-08-25 22:03:12,947  INFO VehicularDepartureHandler:110 teleport vehicle 238921 from link 22383 to link 22247
2018-08-25 22:03:12,948  INFO VehicularDepartureHandler:110 teleport vehicle 236589 from link 18945 to link 18806
2018-08-25 22:03:12,950  INFO VehicularDepartureHandler:110 teleport vehicle 233990 from link 15376 to link 15906
2018-08-25 22:03:12,950  INFO VehicularDepartureHandler:112 No more occurrences of teleported vehicles will be reported.
2018-08-25 22:03:13,017  INFO QNetsimEngine:347 SIMULATION (QNetsimEngine) AT 24:00:00 : #links=3161 #nodes=4879
2018-08-25 22:03:13,018  INFO QSim:506 SIMULATION (NEW QSim) AT 24:00:00 : #Veh=15931 lost=0 simT=57600.0s realT=9s; (s/r): 6400.0
2018-08-25 22:03:13,018  INFO Gbl:54 used RAM: 332158520B = 324373kB = 316MB  free: 208906696B = 199MB  total: 541065216B = 516MB
2018-08-25 22:03:13,170 ERROR BasicPlanAgentImpl:165 last activity of person driver agent id 98410 has end time < infty; setting it to infty
2018-08-25 22:03:13,171 ERROR BasicPlanAgentImpl:166  This message given only once.
2018-08-25 22:03:13,891  INFO EventsManagerImpl:134  event # 1048576
2018-08-25 22:03:16,045  INFO QNetsimEngine:347 SIMULATION (QNetsimEngine) AT 25:00:00 : #links=117 #nodes=3
2018-08-25 22:03:16,045  INFO QSim:506 SIMULATION (NEW QSim) AT 25:00:00 : #Veh=424 lost=0 simT=61200.0s realT=12s; (s/r): 5100.0
2018-08-25 22:03:16,045  INFO Gbl:54 used RAM: 397364192B = 388050kB = 378MB  free: 171488288B = 163MB  total: 568852480B = 542MB
2018-08-25 22:03:16,146  INFO QNetsimEngine:347 SIMULATION (QNetsimEngine) AT 26:00:00 : #links=0 #nodes=0
2018-08-25 22:03:16,146  INFO QSim:506 SIMULATION (NEW QSim) AT 26:00:00 : #Veh=199 lost=0 simT=64800.0s realT=12s; (s/r): 5400.0
2018-08-25 22:03:16,146  INFO Gbl:54 used RAM: 401121064B = 391719kB = 382MB  free: 167731416B = 159MB  total: 568852480B = 542MB
2018-08-25 22:03:16,885  INFO QNetsimEngine:347 SIMULATION (QNetsimEngine) AT 27:00:00 : #links=0 #nodes=0
2018-08-25 22:03:16,885  INFO QSim:506 SIMULATION (NEW QSim) AT 27:00:00 : #Veh=122 lost=0 simT=68400.0s realT=13s; (s/r): 5261.538461538462
2018-08-25 22:03:16,885  INFO Gbl:54 used RAM: 280467728B = 273894kB = 267MB  free: 365455088B = 348MB  total: 645922816B = 616MB
2018-08-25 22:03:16,971  INFO QNetsimEngine:347 SIMULATION (QNetsimEngine) AT 28:00:00 : #links=0 #nodes=0
2018-08-25 22:03:16,971  INFO QSim:506 SIMULATION (NEW QSim) AT 28:00:00 : #Veh=77 lost=0 simT=72000.0s realT=13s; (s/r): 5538.461538461538
2018-08-25 22:03:16,971  INFO Gbl:54 used RAM: 282003048B = 275393kB = 268MB  free: 363919768B = 347MB  total: 645922816B = 616MB
2018-08-25 22:03:17,057  INFO QNetsimEngine:347 SIMULATION (QNetsimEngine) AT 29:00:00 : #links=0 #nodes=0
2018-08-25 22:03:17,057  INFO QSim:506 SIMULATION (NEW QSim) AT 29:00:00 : #Veh=57 lost=0 simT=75600.0s realT=13s; (s/r): 5815.384615384615
2018-08-25 22:03:17,058  INFO Gbl:54 used RAM: 283892680B = 277238kB = 270MB  free: 362030136B = 345MB  total: 645922816B = 616MB
2018-08-25 22:03:17,143  INFO QNetsimEngine:347 SIMULATION (QNetsimEngine) AT 30:00:00 : #links=0 #nodes=0
2018-08-25 22:03:17,143  INFO QSim:506 SIMULATION (NEW QSim) AT 30:00:00 : #Veh=42 lost=0 simT=79200.0s realT=13s; (s/r): 6092.307692307692
2018-08-25 22:03:17,143  INFO Gbl:54 used RAM: 285931040B = 279229kB = 272MB  free: 359991776B = 343MB  total: 645922816B = 616MB
2018-08-25 22:03:17,230  INFO QNetsimEngine:347 SIMULATION (QNetsimEngine) AT 31:00:00 : #links=0 #nodes=0
2018-08-25 22:03:17,231  INFO QSim:506 SIMULATION (NEW QSim) AT 31:00:00 : #Veh=35 lost=0 simT=82800.0s realT=13s; (s/r): 6369.2307692307695
2018-08-25 22:03:17,231  INFO Gbl:54 used RAM: 287969536B = 281220kB = 274MB  free: 357953280B = 341MB  total: 645922816B = 616MB
2018-08-25 22:03:17,316  INFO QNetsimEngine:347 SIMULATION (QNetsimEngine) AT 32:00:00 : #links=0 #nodes=0
2018-08-25 22:03:17,317  INFO QSim:506 SIMULATION (NEW QSim) AT 32:00:00 : #Veh=30 lost=0 simT=86400.0s realT=13s; (s/r): 6646.153846153846
2018-08-25 22:03:17,317  INFO Gbl:54 used RAM: 289509504B = 282724kB = 276MB  free: 356413312B = 339MB  total: 645922816B = 616MB
2018-08-25 22:03:17,403  INFO QNetsimEngine:347 SIMULATION (QNetsimEngine) AT 33:00:00 : #links=0 #nodes=0
2018-08-25 22:03:17,403  INFO QSim:506 SIMULATION (NEW QSim) AT 33:00:00 : #Veh=25 lost=0 simT=90000.0s realT=13s; (s/r): 6923.076923076923
2018-08-25 22:03:17,404  INFO Gbl:54 used RAM: 291547952B = 284714kB = 278MB  free: 354374864B = 337MB  total: 645922816B = 616MB
2018-08-25 22:03:17,489  INFO QNetsimEngine:347 SIMULATION (QNetsimEngine) AT 34:00:00 : #links=0 #nodes=0
2018-08-25 22:03:17,489  INFO QSim:506 SIMULATION (NEW QSim) AT 34:00:00 : #Veh=22 lost=0 simT=93600.0s realT=14s; (s/r): 6685.714285714285
2018-08-25 22:03:17,489  INFO Gbl:54 used RAM: 295306168B = 288384kB = 281MB  free: 350616648B = 334MB  total: 645922816B = 616MB
2018-08-25 22:03:17,575  INFO QNetsimEngine:347 SIMULATION (QNetsimEngine) AT 35:00:00 : #links=0 #nodes=0
2018-08-25 22:03:17,575  INFO QSim:506 SIMULATION (NEW QSim) AT 35:00:00 : #Veh=19 lost=0 simT=97200.0s realT=14s; (s/r): 6942.857142857143
2018-08-25 22:03:17,575  INFO Gbl:54 used RAM: 296841448B = 289884kB = 283MB  free: 349081368B = 332MB  total: 645922816B = 616MB
2018-08-25 22:03:17,659  INFO QNetsimEngine:347 SIMULATION (QNetsimEngine) AT 36:00:00 : #links=0 #nodes=0
2018-08-25 22:03:17,659  INFO QSim:506 SIMULATION (NEW QSim) AT 36:00:00 : #Veh=15 lost=0 simT=100800.0s realT=14s; (s/r): 7200.0
2018-08-25 22:03:17,659  INFO Gbl:54 used RAM: 298879976B = 291874kB = 285MB  free: 347042840B = 330MB  total: 645922816B = 616MB
2018-08-25 22:03:17,744  INFO QNetsimEngine:347 SIMULATION (QNetsimEngine) AT 37:00:00 : #links=0 #nodes=0
2018-08-25 22:03:17,744  INFO QSim:506 SIMULATION (NEW QSim) AT 37:00:00 : #Veh=13 lost=0 simT=104400.0s realT=14s; (s/r): 7457.142857142857
2018-08-25 22:03:17,744  INFO Gbl:54 used RAM: 300764832B = 293715kB = 286MB  free: 345157984B = 329MB  total: 645922816B = 616MB
2018-08-25 22:03:17,830  INFO QNetsimEngine:347 SIMULATION (QNetsimEngine) AT 38:00:00 : #links=0 #nodes=0
2018-08-25 22:03:17,830  INFO QSim:506 SIMULATION (NEW QSim) AT 38:00:00 : #Veh=12 lost=0 simT=108000.0s realT=14s; (s/r): 7714.285714285715
2018-08-25 22:03:17,830  INFO Gbl:54 used RAM: 302300096B = 295214kB = 288MB  free: 343622720B = 327MB  total: 645922816B = 616MB
2018-08-25 22:03:17,916  INFO QNetsimEngine:347 SIMULATION (QNetsimEngine) AT 39:00:00 : #links=0 #nodes=0
2018-08-25 22:03:17,916  INFO QSim:506 SIMULATION (NEW QSim) AT 39:00:00 : #Veh=10 lost=0 simT=111600.0s realT=14s; (s/r): 7971.428571428572
2018-08-25 22:03:17,916  INFO Gbl:54 used RAM: 304338664B = 297205kB = 290MB  free: 341584152B = 325MB  total: 645922816B = 616MB
2018-08-25 22:03:18,002  INFO QNetsimEngine:347 SIMULATION (QNetsimEngine) AT 40:00:00 : #links=0 #nodes=0
2018-08-25 22:03:18,002  INFO QSim:506 SIMULATION (NEW QSim) AT 40:00:00 : #Veh=10 lost=0 simT=115200.0s realT=14s; (s/r): 8228.57142857143
2018-08-25 22:03:18,002  INFO Gbl:54 used RAM: 306377224B = 299196kB = 292MB  free: 339545592B = 323MB  total: 645922816B = 616MB
2018-08-25 22:03:18,087  INFO QNetsimEngine:347 SIMULATION (QNetsimEngine) AT 41:00:00 : #links=0 #nodes=0
2018-08-25 22:03:18,087  INFO QSim:506 SIMULATION (NEW QSim) AT 41:00:00 : #Veh=9 lost=0 simT=118800.0s realT=14s; (s/r): 8485.714285714286
2018-08-25 22:03:18,087  INFO Gbl:54 used RAM: 309632304B = 302375kB = 295MB  free: 336290512B = 320MB  total: 645922816B = 616MB
2018-08-25 22:03:18,172  INFO QNetsimEngine:347 SIMULATION (QNetsimEngine) AT 42:00:00 : #links=0 #nodes=0
2018-08-25 22:03:18,173  INFO QSim:506 SIMULATION (NEW QSim) AT 42:00:00 : #Veh=9 lost=0 simT=122400.0s realT=14s; (s/r): 8742.857142857143
2018-08-25 22:03:18,173  INFO Gbl:54 used RAM: 311670832B = 304366kB = 297MB  free: 334251984B = 318MB  total: 645922816B = 616MB
2018-08-25 22:03:18,257  INFO QNetsimEngine:347 SIMULATION (QNetsimEngine) AT 43:00:00 : #links=0 #nodes=0
2018-08-25 22:03:18,258  INFO QSim:506 SIMULATION (NEW QSim) AT 43:00:00 : #Veh=7 lost=0 simT=126000.0s realT=14s; (s/r): 9000.0
2018-08-25 22:03:18,258  INFO Gbl:54 used RAM: 313709200B = 306356kB = 299MB  free: 332213616B = 316MB  total: 645922816B = 616MB
2018-08-25 22:03:18,343  INFO QNetsimEngine:347 SIMULATION (QNetsimEngine) AT 44:00:00 : #links=0 #nodes=0
2018-08-25 22:03:18,344  INFO QSim:506 SIMULATION (NEW QSim) AT 44:00:00 : #Veh=6 lost=0 simT=129600.0s realT=14s; (s/r): 9257.142857142857
2018-08-25 22:03:18,344  INFO Gbl:54 used RAM: 315090824B = 307705kB = 300MB  free: 330831992B = 315MB  total: 645922816B = 616MB
2018-08-25 22:03:18,432  INFO QNetsimEngine:347 SIMULATION (QNetsimEngine) AT 45:00:00 : #links=0 #nodes=0
2018-08-25 22:03:18,432  INFO QSim:506 SIMULATION (NEW QSim) AT 45:00:00 : #Veh=5 lost=0 simT=133200.0s realT=14s; (s/r): 9514.285714285714
2018-08-25 22:03:18,432  INFO Gbl:54 used RAM: 317129200B = 309696kB = 302MB  free: 328793616B = 313MB  total: 645922816B = 616MB
2018-08-25 22:03:18,517  INFO QNetsimEngine:347 SIMULATION (QNetsimEngine) AT 46:00:00 : #links=0 #nodes=0
2018-08-25 22:03:18,517  INFO QSim:506 SIMULATION (NEW QSim) AT 46:00:00 : #Veh=3 lost=0 simT=136800.0s realT=15s; (s/r): 9120.0
2018-08-25 22:03:18,517  INFO Gbl:54 used RAM: 319167744B = 311687kB = 304MB  free: 326755072B = 311MB  total: 645922816B = 616MB
2018-08-25 22:03:18,603  INFO QNetsimEngine:347 SIMULATION (QNetsimEngine) AT 47:00:00 : #links=0 #nodes=0
2018-08-25 22:03:18,604  INFO QSim:506 SIMULATION (NEW QSim) AT 47:00:00 : #Veh=3 lost=0 simT=140400.0s realT=15s; (s/r): 9360.0
2018-08-25 22:03:18,604  INFO Gbl:54 used RAM: 321206128B = 313677kB = 306MB  free: 324716688B = 309MB  total: 645922816B = 616MB
2018-08-25 22:03:18,690  INFO QNetsimEngine:347 SIMULATION (QNetsimEngine) AT 48:00:00 : #links=0 #nodes=0
2018-08-25 22:03:18,690  INFO QSim:506 SIMULATION (NEW QSim) AT 48:00:00 : #Veh=2 lost=0 simT=144000.0s realT=15s; (s/r): 9600.0
2018-08-25 22:03:18,690  INFO Gbl:54 used RAM: 322741320B = 315177kB = 307MB  free: 323181496B = 308MB  total: 645922816B = 616MB
2018-08-25 22:03:18,776  INFO QNetsimEngine:347 SIMULATION (QNetsimEngine) AT 49:00:00 : #links=0 #nodes=0
2018-08-25 22:03:18,776  INFO QSim:506 SIMULATION (NEW QSim) AT 49:00:00 : #Veh=2 lost=0 simT=147600.0s realT=15s; (s/r): 9840.0
2018-08-25 22:03:18,776  INFO Gbl:54 used RAM: 326504728B = 318852kB = 311MB  free: 319418088B = 304MB  total: 645922816B = 616MB
2018-08-25 22:03:18,862  INFO QNetsimEngine:347 SIMULATION (QNetsimEngine) AT 50:00:00 : #links=0 #nodes=0
2018-08-25 22:03:18,862  INFO QSim:506 SIMULATION (NEW QSim) AT 50:00:00 : #Veh=2 lost=0 simT=151200.0s realT=15s; (s/r): 10080.0
2018-08-25 22:03:18,863  INFO Gbl:54 used RAM: 328543184B = 320842kB = 313MB  free: 317379632B = 302MB  total: 645922816B = 616MB
2018-08-25 22:03:18,949  INFO QNetsimEngine:347 SIMULATION (QNetsimEngine) AT 51:00:00 : #links=0 #nodes=0
2018-08-25 22:03:18,949  INFO QSim:506 SIMULATION (NEW QSim) AT 51:00:00 : #Veh=2 lost=0 simT=154800.0s realT=15s; (s/r): 10320.0
2018-08-25 22:03:18,949  INFO Gbl:54 used RAM: 329924808B = 322192kB = 314MB  free: 315998008B = 301MB  total: 645922816B = 616MB
2018-08-25 22:03:19,034  INFO QNetsimEngine:347 SIMULATION (QNetsimEngine) AT 52:00:00 : #links=0 #nodes=0
2018-08-25 22:03:19,035  INFO QSim:506 SIMULATION (NEW QSim) AT 52:00:00 : #Veh=1 lost=0 simT=158400.0s realT=15s; (s/r): 10560.0
2018-08-25 22:03:19,035  INFO Gbl:54 used RAM: 331963304B = 324182kB = 316MB  free: 313959512B = 299MB  total: 645922816B = 616MB
2018-08-25 22:03:19,119  INFO QNetsimEngine:347 SIMULATION (QNetsimEngine) AT 53:00:00 : #links=0 #nodes=0
2018-08-25 22:03:19,119  INFO QSim:506 SIMULATION (NEW QSim) AT 53:00:00 : #Veh=1 lost=0 simT=162000.0s realT=15s; (s/r): 10800.0
2018-08-25 22:03:19,119  INFO Gbl:54 used RAM: 334001680B = 326173kB = 318MB  free: 311921136B = 297MB  total: 645922816B = 616MB
2018-08-25 22:03:19,210  INFO Gbl:187 Thread performance: Thread=class org.matsim.core.events.SimStepParallelEventsManagerImpl$ProcessEventsRunnable0  cpu-time=9.5625sec
2018-08-25 22:03:19,211  INFO AbstractController$8:215 ### ITERATION 0 fires after mobsim event
2018-08-25 22:03:19,211  INFO ControlerListenerManagerImpl:248 calling notifyAfterMobsim on org.matsim.analysis.LegTimesControlerListener
2018-08-25 22:03:19,222  INFO LegTimesControlerListener:50 [0] average trip (probably: leg) duration is: 928 seconds = 00:15:28
2018-08-25 22:03:19,222  INFO ControlerListenerManagerImpl:248 calling notifyAfterMobsim on org.matsim.core.scoring.EventsToActivities$1
2018-08-25 22:03:19,251  INFO ControlerListenerManagerImpl:251 [it.0] all ControlerAfterMobsimListeners called.
2018-08-25 22:03:19,252  INFO AbstractController$4:152 ### ITERATION 0 fires scoring event
2018-08-25 22:03:19,252  INFO ControlerListenerManagerImpl:183 calling notifyScoring on org.matsim.core.scoring.PlansScoringImpl
2018-08-25 22:03:19,265  INFO NewScoreAssignerImpl:36 it: 0 msaStart: null
2018-08-25 22:03:19,277  INFO ControlerListenerManagerImpl:194 [it.0] all ControlerScoringListeners called.
2018-08-25 22:03:19,277  INFO AbstractController$5:160 ### ITERATION 0 fires iteration end event
2018-08-25 22:03:19,277  INFO ControlerListenerManagerImpl:160 calling notifyIterationEnds on org.matsim.core.controler.corelisteners.EventsHandlingImpl
2018-08-25 22:03:19,282  INFO EventsManagerImpl:161 removing Event-Handler: org.matsim.core.events.algorithms.EventWriterXML
2018-08-25 22:03:19,283  INFO EventsManagerImpl:161 removing Event-Handler: org.matsim.core.events.algorithms.EventWriterXML
2018-08-25 22:03:19,283  INFO ControlerListenerManagerImpl:160 calling notifyIterationEnds on org.matsim.core.scoring.PlansScoringImpl
2018-08-25 22:03:19,291  INFO ControlerListenerManagerImpl:167 calling notifyIterationEnds on org.matsim.counts.CountsControlerListener
2018-08-25 22:03:19,291  INFO ControlerListenerManagerImpl:167 calling notifyIterationEnds on org.matsim.analysis.ModeStatsControlerListener
2018-08-25 22:03:19,324  INFO ModeStatsControlerListener:155 -- mode share of mode bike = 0.0
2018-08-25 22:03:19,324  INFO ModeStatsControlerListener:155 -- mode share of mode car = 0.988356035402674
2018-08-25 22:03:19,324  INFO ModeStatsControlerListener:155 -- mode share of mode other = 0.0
2018-08-25 22:03:19,324  INFO ModeStatsControlerListener:155 -- mode share of mode pt = 1.2554139727575167E-4
2018-08-25 22:03:19,324  INFO ModeStatsControlerListener:155 -- mode share of mode ride = 4.0800954114619294E-4
2018-08-25 22:03:19,324  INFO ModeStatsControlerListener:155 -- mode share of mode walk = 0.011110413658904023
2018-08-25 22:03:19,325  INFO ControlerListenerManagerImpl:167 calling notifyIterationEnds on org.matsim.analysis.ScoreStatsControlerListener
2018-08-25 22:03:19,335  INFO ScoreStatsControlerListener:191 -- avg. score of the executed plan of each agent: 94.36826002063657
2018-08-25 22:03:19,336  INFO ScoreStatsControlerListener:192 -- avg. score of the worst plan of each agent: 94.36826002063657
2018-08-25 22:03:19,336  INFO ScoreStatsControlerListener:193 -- avg. of the avg. plan score per agent: 94.36826002063657
2018-08-25 22:03:19,336  INFO ScoreStatsControlerListener:194 -- avg. score of the best plan of each agent: 94.36826002063657
2018-08-25 22:03:19,336  INFO ControlerListenerManagerImpl:167 calling notifyIterationEnds on org.matsim.analysis.TravelDistanceStatsControlerListener
2018-08-25 22:03:19,338  INFO TravelDistanceStats:128 [TravelDistanceStats] using 2 thread(s).
2018-08-25 22:03:19,346  INFO TravelDistanceStats:141 [TravelDistanceStats] all threads finished.
2018-08-25 22:03:19,346  INFO TravelDistanceStats:161 -- average of the average leg distance per plan (executed plans only): 13761.30343288776
2018-08-25 22:03:19,346  INFO TravelDistanceStats:162 (TravelDistanceStats takes an average over all legs where the simulation reports travelled distances. These are car legs, pt legs,
2018-08-25 22:03:19,346  INFO TravelDistanceStats:163 (and teleported legs whose route contains a distance.)
2018-08-25 22:03:19,347  INFO ControlerListenerManagerImpl:167 calling notifyIterationEnds on org.matsim.analysis.LegHistogramListener
2018-08-25 22:03:19,358  INFO LegHistogramListener:72 number of legs:	31862	100%
2018-08-25 22:03:19,358  INFO LegHistogramListener:79 number of car legs:	31491	98.8356035402674%
2018-08-25 22:03:19,358  INFO LegHistogramListener:79 number of pt legs:	4	0.012554139727575167%
2018-08-25 22:03:19,358  INFO LegHistogramListener:79 number of ride legs:	13	0.040800954114619294%
2018-08-25 22:03:19,358  INFO LegHistogramListener:79 number of walk legs:	354	1.1110413658904024%
2018-08-25 22:03:20,396  INFO ControlerListenerManagerImpl:167 calling notifyIterationEnds on org.matsim.analysis.LinkStatsControlerListener
2018-08-25 22:03:20,396  INFO ControlerListenerManagerImpl:171 [it.0] all ControlerIterationEndsListeners called.
2018-08-25 22:03:20,549  INFO AbstractController:170 ### ITERATION 0 ENDS
2018-08-25 22:03:20,550  INFO AbstractController:171 ###################################################
2018-08-25 22:03:20,550  INFO MatsimRuntimeModifications:58 S H U T D O W N   ---   start shutdown.
2018-08-25 22:03:20,550  INFO ControlerListenerManagerImpl:121 calling notifyShutdown on org.matsim.core.controler.corelisteners.EventsHandlingImpl
2018-08-25 22:03:20,550  INFO ControlerListenerManagerImpl:121 calling notifyShutdown on org.matsim.core.controler.corelisteners.DumpDataAtEndImpl
2018-08-25 22:03:20,562  INFO Counter:61 [PopulationWriter] dumped person # 1
2018-08-25 22:03:20,563  INFO Counter:61 [PopulationWriter] dumped person # 2
2018-08-25 22:03:20,563  INFO Counter:61 [PopulationWriter] dumped person # 4
2018-08-25 22:03:20,563  INFO Counter:61 [PopulationWriter] dumped person # 8
2018-08-25 22:03:20,564  INFO Counter:61 [PopulationWriter] dumped person # 16
2018-08-25 22:03:20,568  INFO Counter:61 [PopulationWriter] dumped person # 32
2018-08-25 22:03:20,573  INFO Counter:61 [PopulationWriter] dumped person # 64
2018-08-25 22:03:20,583  INFO Counter:61 [PopulationWriter] dumped person # 128
2018-08-25 22:03:20,592  INFO Counter:61 [PopulationWriter] dumped person # 256
2018-08-25 22:03:20,607  INFO Counter:61 [PopulationWriter] dumped person # 512
2018-08-25 22:03:20,634  INFO Counter:61 [PopulationWriter] dumped person # 1024
2018-08-25 22:03:20,689  INFO Counter:61 [PopulationWriter] dumped person # 2048
2018-08-25 22:03:20,801  INFO Counter:61 [PopulationWriter] dumped person # 4096
2018-08-25 22:03:21,017  INFO Counter:61 [PopulationWriter] dumped person # 8192
2018-08-25 22:03:21,398  INFO PopulationWriter:139 Population written to: ./output/berlin/output_plans.xml.gz
2018-08-25 22:03:21,403  INFO Counter:67 [PopulationWriter] dumped person # 15931
2018-08-25 22:03:21,409  INFO NetworkWriter:68 Writing network to file: ./output/berlin/output_network.xml.gz...
2018-08-25 22:03:21,615  INFO NetworkWriter:71 done.
2018-08-25 22:03:21,616  INFO Config:561 setting context to [file:/C:/Users/Joschka/git/matsim/examples/scenarios/berlin/]
2018-08-25 22:03:21,671  INFO VehicleWriterV1:55 Vehicles written to: ./output/berlin/output_vehicles.xml.gz
2018-08-25 22:03:21,673  INFO Counter:67 [HouseholdsWriter] dumped household # 0
2018-08-25 22:03:21,680  INFO LanesWriter:65 Using LaneDefinitionWriter20...
2018-08-25 22:03:21,680  INFO LanesWriter:74 writing to file: ./output/berlin/output_lanes.xml.gz
2018-08-25 22:03:21,830  INFO ControlerListenerManagerImpl:126 calling notifyShutdown on org.matsim.analysis.ModeStatsControlerListener
2018-08-25 22:03:21,835  INFO ControlerListenerManagerImpl:126 calling notifyShutdown on org.matsim.analysis.ScoreStatsControlerListener
2018-08-25 22:03:21,839  INFO ControlerListenerManagerImpl:126 calling notifyShutdown on org.matsim.analysis.TravelDistanceStatsControlerListener
2018-08-25 22:03:21,843  INFO ControlerListenerManagerImpl:129 all ControlerShutdownListeners called.
2018-08-25 22:03:21,843  INFO MatsimRuntimeModifications:81 S H U T D O W N   ---   shutdown completed.
2018-08-25 22:03:21,844  INFO OutputDirectoryLogging:146 closing the logfile, i.e. messages sent to the logger after this message are not written to the logfile.
